[2026-01-09T16:34:20.053Z] Fetching ranking for accountSize: All
[2026-01-09T16:34:20.424Z] Found 11 active challenges
[2026-01-09T16:34:20.424Z] Fetching profiles for 1 users
[2026-01-09T16:34:20.754Z] Mapped 1 profiles
[2026-01-09T16:34:20.754Z] Fetching trades for 11 challenges
[2026-01-09T16:34:21.087Z] Found 10 trades
[2026-01-09T16:34:21.087Z] Returning 11 leaderboard entries
[2026-01-09T16:34:28.826Z] Fetching ranking for accountSize: 5k
[2026-01-09T16:34:29.166Z] Found 2 active challenges
[2026-01-09T16:34:29.166Z] Fetching profiles for 1 users
[2026-01-09T16:34:29.514Z] Mapped 1 profiles
[2026-01-09T16:34:29.515Z] Fetching trades for 2 challenges
[2026-01-09T16:34:29.853Z] Found 0 trades
[2026-01-09T16:34:29.853Z] Returning 2 leaderboard entries
[2026-01-09T16:34:30.502Z] Fetching ranking for accountSize: 10k
[2026-01-09T16:34:30.829Z] Found 5 active challenges
[2026-01-09T16:34:30.830Z] Fetching profiles for 1 users
[2026-01-09T16:34:31.166Z] Mapped 1 profiles
[2026-01-09T16:34:31.166Z] Fetching trades for 5 challenges
[2026-01-09T16:34:31.495Z] Found 5 trades
[2026-01-09T16:34:31.495Z] Returning 5 leaderboard entries
[2026-01-09T16:34:32.145Z] Fetching ranking for accountSize: 25k
[2026-01-09T16:34:32.473Z] Found 2 active challenges
[2026-01-09T16:34:32.474Z] Fetching profiles for 1 users
[2026-01-09T16:34:32.798Z] Mapped 1 profiles
[2026-01-09T16:34:32.798Z] Fetching trades for 2 challenges
[2026-01-09T16:34:33.116Z] Found 0 trades
[2026-01-09T16:34:33.116Z] Returning 2 leaderboard entries
[2026-01-09T16:34:33.708Z] Fetching ranking for accountSize: 50k
[2026-01-09T16:34:34.047Z] No active challenges found
[2026-01-09T16:34:34.788Z] Fetching ranking for accountSize: 100k
[2026-01-09T16:34:35.145Z] Found 2 active challenges
[2026-01-09T16:34:35.145Z] Fetching profiles for 1 users
[2026-01-09T16:34:35.452Z] Mapped 1 profiles
[2026-01-09T16:34:35.452Z] Fetching trades for 2 challenges
[2026-01-09T16:34:35.763Z] Found 5 trades
[2026-01-09T16:34:35.763Z] Returning 2 leaderboard entries
[2026-01-09T16:34:38.238Z] Fetching ranking for accountSize: All
[2026-01-09T16:34:38.578Z] Found 11 active challenges
[2026-01-09T16:34:38.579Z] Fetching profiles for 1 users
[2026-01-09T16:34:38.898Z] Mapped 1 profiles
[2026-01-09T16:34:38.898Z] Fetching trades for 11 challenges
[2026-01-09T16:34:39.219Z] Found 10 trades
[2026-01-09T16:34:39.219Z] Returning 11 leaderboard entries
[2026-01-09T16:36:32.637Z] Fetching ranking for accountSize: All
[2026-01-09T16:36:33.018Z] Found 11 active challenges
[2026-01-09T16:36:33.018Z] Fetching profiles for 1 users
[2026-01-09T16:36:33.321Z] Mapped 1 profiles
[2026-01-09T16:36:33.322Z] Fetching trades for 11 challenges
[2026-01-09T16:36:33.638Z] Found 10 trades
[2026-01-09T16:36:33.638Z] Returning 11 leaderboard entries
[2026-01-09T16:36:33.640Z] Fetching ranking for accountSize: All
[2026-01-09T16:36:33.948Z] Found 11 active challenges
[2026-01-09T16:36:33.948Z] Fetching profiles for 1 users
[2026-01-09T16:36:34.264Z] Mapped 1 profiles
[2026-01-09T16:36:34.264Z] Fetching trades for 11 challenges
[2026-01-09T16:36:34.581Z] Found 10 trades
[2026-01-09T16:36:34.581Z] Returning 11 leaderboard entries
[2026-01-09T16:46:28.833Z] Fetching ranking for accountSize: 10k
[2026-01-09T16:46:29.197Z] Found 5 active challenges
[2026-01-09T16:46:29.198Z] Fetching profiles for 1 users
[2026-01-09T16:46:29.576Z] Mapped 1 profiles
[2026-01-09T16:46:29.576Z] Fetching trades for 5 challenges
[2026-01-09T16:46:29.918Z] Fetching ranking for accountSize: 25k
[2026-01-09T16:46:29.945Z] Found 5 trades
[2026-01-09T16:46:29.946Z] Returning 5 leaderboard entries
[2026-01-09T16:46:30.245Z] Found 2 active challenges
[2026-01-09T16:46:30.246Z] Fetching profiles for 1 users
[2026-01-09T16:46:30.560Z] Mapped 1 profiles
[2026-01-09T16:46:30.560Z] Fetching trades for 2 challenges
[2026-01-09T16:46:30.880Z] Found 0 trades
[2026-01-09T16:46:30.881Z] Returning 2 leaderboard entries
[2026-01-09T16:46:46.662Z] Fetching ranking for accountSize: All
[2026-01-09T16:46:46.981Z] Found 11 active challenges
[2026-01-09T16:46:46.981Z] Fetching profiles for 1 users
[2026-01-09T16:46:47.294Z] Mapped 1 profiles
[2026-01-09T16:46:47.294Z] Fetching trades for 11 challenges
[2026-01-09T16:46:47.609Z] Found 10 trades
[2026-01-09T16:46:47.609Z] Returning 11 leaderboard entries
[2026-01-09T16:46:49.115Z] Fetching ranking for accountSize: 25k
[2026-01-09T16:46:49.440Z] Found 2 active challenges
[2026-01-09T16:46:49.440Z] Fetching profiles for 1 users
[2026-01-09T16:46:49.758Z] Mapped 1 profiles
[2026-01-09T16:46:49.759Z] Fetching trades for 2 challenges
[2026-01-09T16:46:50.075Z] Found 0 trades
[2026-01-09T16:46:50.076Z] Returning 2 leaderboard entries
[2026-01-09T16:46:51.784Z] Fetching ranking for accountSize: All
[2026-01-09T16:46:52.136Z] Found 11 active challenges
[2026-01-09T16:46:52.136Z] Fetching profiles for 1 users
[2026-01-09T16:46:52.450Z] Mapped 1 profiles
[2026-01-09T16:46:52.450Z] Fetching trades for 11 challenges
[2026-01-09T16:46:52.773Z] Found 10 trades
[2026-01-09T16:46:52.773Z] Returning 11 leaderboard entries
[2026-01-09T17:18:01.108Z] Fetching ranking for accountSize: All
[2026-01-09T17:18:01.442Z] Found 12 active challenges
[2026-01-09T17:18:01.442Z] Fetching profiles for 2 users
[2026-01-09T17:18:01.795Z] Mapped 2 profiles
[2026-01-09T17:18:01.795Z] Fetching trades for 12 challenges
[2026-01-09T17:18:02.132Z] Found 10 trades
[2026-01-09T17:18:02.132Z] Returning 12 leaderboard entries
[2026-01-09T17:18:02.148Z] Fetching ranking for accountSize: All
[2026-01-09T17:18:02.480Z] Found 12 active challenges
[2026-01-09T17:18:02.480Z] Fetching profiles for 2 users
[2026-01-09T17:18:02.806Z] Mapped 2 profiles
[2026-01-09T17:18:02.806Z] Fetching trades for 12 challenges
[2026-01-09T17:18:03.165Z] Found 10 trades
[2026-01-09T17:18:03.165Z] Returning 12 leaderboard entries
[2026-01-09T17:18:12.874Z] Fetching ranking for accountSize: 10k
[2026-01-09T17:18:13.216Z] Found 6 active challenges
[2026-01-09T17:18:13.216Z] Fetching profiles for 2 users
[2026-01-09T17:18:13.551Z] Mapped 2 profiles
[2026-01-09T17:18:13.552Z] Fetching trades for 6 challenges
[2026-01-09T17:18:13.882Z] Found 5 trades
[2026-01-09T17:18:13.882Z] Returning 6 leaderboard entries
[2026-01-09T17:36:56.258Z] Fetching ranking for accountSize: All
[2026-01-09T17:36:56.587Z] Found 12 active challenges
[2026-01-09T17:36:56.587Z] Fetching profiles for 2 users
[2026-01-09T17:36:56.912Z] Mapped 2 profiles
[2026-01-09T17:36:56.912Z] Fetching trades for 12 challenges
[2026-01-09T17:36:57.243Z] Found 10 trades
[2026-01-09T17:36:57.244Z] Returning 12 leaderboard entries
[2026-01-09T17:36:57.245Z] Fetching ranking for accountSize: All
[2026-01-09T17:36:57.560Z] Found 12 active challenges
[2026-01-09T17:36:57.561Z] Fetching profiles for 2 users
[2026-01-09T17:36:57.869Z] Mapped 2 profiles
[2026-01-09T17:36:57.869Z] Fetching trades for 12 challenges
[2026-01-09T17:36:58.200Z] Found 10 trades
[2026-01-09T17:36:58.201Z] Returning 12 leaderboard entries
[2026-01-09T19:22:12.825Z] Fetching ranking for accountSize: All
[2026-01-09T19:22:13.149Z] Found 12 active challenges
[2026-01-09T19:22:13.149Z] Fetching profiles for 2 users
[2026-01-09T19:22:13.487Z] Mapped 2 profiles
[2026-01-09T19:22:13.487Z] Fetching trades for 12 challenges
[2026-01-09T19:22:13.853Z] Found 10 trades
[2026-01-09T19:22:13.853Z] Returning 12 leaderboard entries
[2026-01-09T19:22:13.855Z] Fetching ranking for accountSize: All
[2026-01-09T19:22:14.185Z] Found 12 active challenges
[2026-01-09T19:22:14.185Z] Fetching profiles for 2 users
[2026-01-09T19:22:14.522Z] Mapped 2 profiles
[2026-01-09T19:22:14.522Z] Fetching trades for 12 challenges
[2026-01-09T19:22:14.876Z] Found 10 trades
[2026-01-09T19:22:14.877Z] Returning 12 leaderboard entries
[2026-01-09T19:22:52.380Z] Fetching ranking for accountSize: 5k
[2026-01-09T19:22:53.212Z] Fetching ranking for accountSize: 10k
[2026-01-09T19:22:53.776Z] Fetching ranking for accountSize: 25k
[2026-01-09T19:23:00.438Z] Found 2 active challenges
[2026-01-09T19:23:00.438Z] Fetching profiles for 1 users
[2026-01-09T19:23:00.784Z] Mapped 1 profiles
[2026-01-09T19:23:00.784Z] Fetching trades for 2 challenges
[2026-01-09T19:23:01.354Z] Found 0 trades
[2026-01-09T19:23:01.354Z] Returning 2 leaderboard entries
[2026-01-09T19:23:01.355Z] Found 6 active challenges
[2026-01-09T19:23:01.355Z] Fetching profiles for 2 users
[2026-01-09T19:23:01.922Z] Mapped 2 profiles
[2026-01-09T19:23:01.922Z] Fetching trades for 6 challenges
[2026-01-09T19:23:01.928Z] Found 2 active challenges
[2026-01-09T19:23:01.928Z] Fetching profiles for 1 users
[2026-01-09T19:23:01.949Z] Fetching ranking for accountSize: All
[2026-01-09T19:23:02.272Z] Mapped 1 profiles
[2026-01-09T19:23:02.272Z] Fetching trades for 2 challenges
[2026-01-09T19:23:02.273Z] Found 5 trades
[2026-01-09T19:23:02.273Z] Returning 6 leaderboard entries
[2026-01-09T19:23:02.329Z] Found 12 active challenges
[2026-01-09T19:23:02.329Z] Fetching profiles for 2 users
[2026-01-09T19:23:02.598Z] Found 0 trades
[2026-01-09T19:23:02.598Z] Returning 2 leaderboard entries
[2026-01-09T19:23:02.668Z] Mapped 2 profiles
[2026-01-09T19:23:02.669Z] Fetching trades for 12 challenges
[2026-01-09T19:23:03.023Z] Found 10 trades
[2026-01-09T19:23:03.024Z] Returning 12 leaderboard entries
[2026-01-09T19:29:33.247Z] Fetching ranking for accountSize: All
[2026-01-09T19:29:33.708Z] Found 13 active challenges
[2026-01-09T19:29:33.708Z] Fetching profiles for 2 users
[2026-01-09T19:29:34.077Z] Mapped 2 profiles
[2026-01-09T19:29:34.077Z] Fetching trades for 13 challenges
[2026-01-09T19:29:35.248Z] Found 10 trades
[2026-01-09T19:29:35.248Z] Returning 13 leaderboard entries
[2026-01-09T19:29:35.249Z] Fetching ranking for accountSize: All
[2026-01-09T19:29:36.143Z] Found 13 active challenges
[2026-01-09T19:29:36.143Z] Fetching profiles for 2 users
[2026-01-09T19:29:36.544Z] Mapped 2 profiles
[2026-01-09T19:29:36.544Z] Fetching trades for 13 challenges
[2026-01-09T19:29:38.906Z] Found 10 trades
[2026-01-09T19:29:38.907Z] Returning 13 leaderboard entries
[2026-01-09T19:54:25.771Z] Fetching ranking for accountSize: All
[2026-01-09T19:54:26.115Z] Found 13 active challenges
[2026-01-09T19:54:26.115Z] Fetching profiles for 2 users
[2026-01-09T19:54:26.516Z] Mapped 2 profiles
[2026-01-09T19:54:26.516Z] Fetching trades for 13 challenges
[2026-01-09T19:54:26.895Z] Found 10 trades
[2026-01-09T19:54:26.895Z] Returning 13 leaderboard entries
[2026-01-09T19:54:26.896Z] Fetching ranking for accountSize: All
[2026-01-09T19:54:27.228Z] Found 13 active challenges
[2026-01-09T19:54:27.228Z] Fetching profiles for 2 users
[2026-01-09T19:54:27.596Z] Mapped 2 profiles
[2026-01-09T19:54:27.596Z] Fetching trades for 13 challenges
[2026-01-09T19:54:27.960Z] Found 10 trades
[2026-01-09T19:54:27.961Z] Returning 13 leaderboard entries
[2026-01-09T20:08:02.843Z] Fetching ranking for accountSize: All
[2026-01-09T20:08:03.214Z] Found 13 active challenges
[2026-01-09T20:08:03.214Z] Fetching profiles for 2 users
[2026-01-09T20:08:03.593Z] Mapped 2 profiles
[2026-01-09T20:08:03.594Z] Fetching trades for 13 challenges
[2026-01-09T20:08:03.937Z] Found 10 trades
[2026-01-09T20:08:03.937Z] Returning 13 leaderboard entries
[2026-01-09T20:08:03.938Z] Fetching ranking for accountSize: All
[2026-01-09T20:08:04.281Z] Found 13 active challenges
[2026-01-09T20:08:04.281Z] Fetching profiles for 2 users
[2026-01-09T20:08:04.630Z] Mapped 2 profiles
[2026-01-09T20:08:04.630Z] Fetching trades for 13 challenges
[2026-01-09T20:08:04.965Z] Found 10 trades
[2026-01-09T20:08:04.965Z] Returning 13 leaderboard entries
[2026-01-10T04:59:44.359Z] Fetching ranking for accountSize: All
[2026-01-10T04:59:44.735Z] Found 13 active challenges
[2026-01-10T04:59:44.736Z] Fetching profiles for 2 users
[2026-01-10T04:59:45.111Z] Mapped 2 profiles
[2026-01-10T04:59:45.111Z] Fetching trades for 13 challenges
[2026-01-10T04:59:45.522Z] Found 15 trades
[2026-01-10T04:59:45.523Z] Returning 13 leaderboard entries
[2026-01-10T04:59:45.525Z] Fetching ranking for accountSize: All
[2026-01-10T04:59:45.910Z] Found 13 active challenges
[2026-01-10T04:59:45.911Z] Fetching profiles for 2 users
[2026-01-10T04:59:46.293Z] Mapped 2 profiles
[2026-01-10T04:59:46.293Z] Fetching trades for 13 challenges
[2026-01-10T04:59:46.683Z] Found 15 trades
[2026-01-10T04:59:46.684Z] Returning 13 leaderboard entries
[2026-01-11T13:09:11.179Z] Fetching fresh ranking for accountSize: All
[2026-01-11T13:09:11.662Z] Found 15 active challenges
[2026-01-11T13:09:11.663Z] Fetching profiles for 1 users
[2026-01-11T13:09:12.124Z] Mapped 1 profiles
[2026-01-11T13:09:12.125Z] Fetching trades for 15 challenges
[2026-01-11T13:09:12.525Z] Found 31 trades
[2026-01-11T13:09:12.526Z] Returning 15 leaderboard entries
[2026-01-11T13:09:12.529Z] Serving 15 entries from cache
[2026-01-12T12:18:49.789Z] Fetching fresh ranking for accountSize: All
[2026-01-12T12:18:50.241Z] Found 17 active challenges
[2026-01-12T12:18:50.241Z] Fetching profiles for 1 users
[2026-01-12T12:18:50.572Z] Mapped 1 profiles
[2026-01-12T12:18:50.572Z] Fetching trades for 17 challenges
[2026-01-12T12:18:50.931Z] Found 31 trades
[2026-01-12T12:18:50.932Z] Returning 17 leaderboard entries
[2026-01-12T12:18:50.936Z] Serving 17 entries from cache
[2026-01-12T12:18:53.102Z] Serving 17 entries from cache
[2026-01-12T12:18:53.103Z] Serving 17 entries from cache
[2026-01-12T12:18:55.031Z] Serving 7 entries from cache
[2026-01-12T13:46:19.106Z] Fetching fresh ranking for accountSize: All
[2026-01-12T13:46:19.614Z] Found 17 active challenges
[2026-01-12T13:46:19.615Z] Fetching profiles for 1 users
[2026-01-12T13:46:19.976Z] Mapped 1 profiles
[2026-01-12T13:46:19.976Z] Fetching trades for 17 challenges
[2026-01-12T13:46:20.443Z] Found 68 trades
[2026-01-12T13:46:20.444Z] Returning 17 leaderboard entries
[2026-01-12T13:46:20.446Z] Serving 17 entries from cache
[2026-01-12T13:46:33.934Z] Serving 4 entries from cache
[2026-01-12T13:46:36.481Z] Serving 7 entries from cache
[2026-01-12T13:49:05.441Z] Fetching fresh ranking for accountSize: All
[2026-01-12T13:49:05.928Z] Found 17 active challenges
[2026-01-12T13:49:05.928Z] Fetching profiles for 1 users
[2026-01-12T13:49:06.265Z] Mapped 1 profiles
[2026-01-12T13:49:06.265Z] Fetching trades for 17 challenges
[2026-01-12T13:49:06.637Z] Found 68 trades
[2026-01-12T13:49:06.637Z] Returning 17 leaderboard entries
[2026-01-17T15:19:29.493Z] Fetching fresh ranking for accountSize: 5k
[2026-01-17T15:19:29.892Z] Found 7 active challenges
[2026-01-17T15:19:29.892Z] Fetching profiles for 2 users
[2026-01-17T15:19:30.378Z] Mapped 2 profiles
[2026-01-17T15:19:30.378Z] Fetching trades for 7 challenges
[2026-01-17T15:19:30.781Z] Found 74 trades
[2026-01-17T15:19:30.781Z] Returning 7 leaderboard entries
[2026-01-17T15:19:32.426Z] Serving 7 entries from cache
[2026-01-17T15:19:39.267Z] Serving 7 entries from cache
[2026-01-17T15:19:40.278Z] Serving 0 entries from cache
[2026-01-17T15:19:41.025Z] Serving 0 entries from cache
[2026-01-17T15:19:41.658Z] Serving 0 entries from cache
[2026-01-17T15:19:42.067Z] Serving 0 entries from cache
[2026-01-17T15:19:42.929Z] Serving 0 entries from cache
[2026-01-17T15:19:43.252Z] Serving 0 entries from cache
[2026-01-17T15:19:43.634Z] Serving 7 entries from cache
[2026-01-17T15:19:44.004Z] Serving 7 entries from cache
