[2026-01-09T16:34:20.052Z] GET /api/ranking
[2026-01-09T16:34:28.826Z] GET /api/ranking
[2026-01-09T16:34:30.501Z] GET /api/ranking
[2026-01-09T16:34:32.145Z] GET /api/ranking
[2026-01-09T16:34:33.708Z] GET /api/ranking
[2026-01-09T16:34:34.787Z] GET /api/ranking
[2026-01-09T16:34:38.238Z] GET /api/ranking
[2026-01-09T16:36:15.161Z] GET /api/dashboard/accounts
[2026-01-09T16:36:15.809Z] GET /api/dashboard/accounts
[2026-01-09T16:36:15.887Z] GET /api/dashboard/trades/analysis
[2026-01-09T16:36:15.898Z] GET /api/dashboard/calendar
[2026-01-09T16:36:15.905Z] GET /api/dashboard/trades
[2026-01-09T16:36:16.244Z] GET /api/dashboard/risk
[2026-01-09T16:36:16.298Z] POST /api/objectives/calculate
[2026-01-09T16:36:16.306Z] GET /api/dashboard/consistency
[2026-01-09T16:36:16.315Z] POST /api/objectives/calculate
[2026-01-09T16:36:16.567Z] GET /api/dashboard/trades/analysis
[2026-01-09T16:36:16.633Z] GET /api/dashboard/trades
[2026-01-09T16:36:16.644Z] GET /api/dashboard/calendar
[2026-01-09T16:36:16.875Z] POST /api/objectives/calculate
[2026-01-09T16:36:16.882Z] GET /api/dashboard/risk
[2026-01-09T16:36:16.905Z] GET /api/dashboard/consistency
[2026-01-09T16:36:16.915Z] POST /api/objectives/calculate
[2026-01-09T16:36:18.160Z] GET /api/competitions
[2026-01-09T16:36:18.828Z] GET /api/competitions
[2026-01-09T16:36:22.002Z] GET /api/competitions
[2026-01-09T16:36:22.678Z] GET /api/competitions
[2026-01-09T16:36:22.682Z] GET /api/competitions/d41b1042-21f5-4fb0-ab0e-434ee288f1bd/leaderboard
[2026-01-09T16:36:23.964Z] GET /api/competitions/d41b1042-21f5-4fb0-ab0e-434ee288f1bd/leaderboard
[2026-01-09T16:36:27.873Z] GET /api/kyc/status
[2026-01-09T16:36:28.963Z] GET /api/kyc/status
[2026-01-09T16:36:32.636Z] GET /api/ranking
[2026-01-09T16:36:33.639Z] GET /api/ranking
[2026-01-09T16:46:28.832Z] GET /api/ranking
[2026-01-09T16:46:29.918Z] GET /api/ranking
[2026-01-09T16:46:46.661Z] GET /api/ranking
[2026-01-09T16:46:49.115Z] GET /api/ranking
[2026-01-09T16:46:51.783Z] GET /api/ranking
[2026-01-09T16:47:35.438Z] GET /api/payouts/balance
[2026-01-09T16:47:37.104Z] GET /api/payouts/balance
[2026-01-09T16:47:37.115Z] GET /api/payouts/history
[2026-01-09T16:47:38.791Z] GET /api/payouts/history
[2026-01-09T16:48:39.130Z] GET /api/dashboard/accounts
[2026-01-09T16:48:39.807Z] GET /api/dashboard/accounts
[2026-01-09T16:48:39.904Z] GET /api/dashboard/trades/analysis
[2026-01-09T16:48:39.906Z] GET /api/dashboard/calendar
[2026-01-09T16:48:39.909Z] GET /api/dashboard/trades
[2026-01-09T16:48:40.248Z] POST /api/objectives/calculate
[2026-01-09T16:48:40.308Z] GET /api/dashboard/consistency
[2026-01-09T16:48:40.309Z] POST /api/objectives/calculate
[2026-01-09T16:48:40.351Z] GET /api/dashboard/risk
[2026-01-09T16:48:40.605Z] GET /api/dashboard/trades
[2026-01-09T16:48:40.638Z] GET /api/dashboard/calendar
[2026-01-09T16:48:40.668Z] GET /api/dashboard/trades/analysis
[2026-01-09T16:48:40.871Z] POST /api/objectives/calculate
[2026-01-09T16:48:40.885Z] GET /api/dashboard/consistency
[2026-01-09T16:48:40.888Z] GET /api/dashboard/risk
[2026-01-09T16:48:40.934Z] POST /api/objectives/calculate
[2026-01-09T16:49:33.284Z] GET /api/dashboard/accounts
[2026-01-09T16:49:34.105Z] GET /api/dashboard/calendar
[2026-01-09T16:49:34.106Z] GET /api/dashboard/trades
[2026-01-09T16:49:34.107Z] GET /api/dashboard/trades/analysis
[2026-01-09T16:49:34.474Z] POST /api/objectives/calculate
[2026-01-09T16:49:34.501Z] GET /api/dashboard/risk
[2026-01-09T16:49:34.541Z] GET /api/dashboard/consistency
[2026-01-09T16:49:34.541Z] POST /api/objectives/calculate
[2026-01-09T16:49:50.149Z] GET /api/overview/stats
[2026-01-09T16:49:50.155Z] GET /api/dashboard/accounts
[2026-01-09T16:49:50.882Z] GET /api/dashboard/accounts
[2026-01-09T16:49:51.706Z] GET /api/overview/stats
[2026-01-09T16:49:56.577Z] GET /api/competitions
[2026-01-09T16:49:57.320Z] GET /api/competitions
[2026-01-09T16:50:00.279Z] GET /api/competitions
[2026-01-09T16:50:00.962Z] GET /api/competitions
[2026-01-09T16:50:00.966Z] GET /api/competitions/d41b1042-21f5-4fb0-ab0e-434ee288f1bd/leaderboard
[2026-01-09T16:50:02.501Z] GET /api/competitions/d41b1042-21f5-4fb0-ab0e-434ee288f1bd/leaderboard
[2026-01-09T16:50:05.645Z] GET /api/competitions/trades/09878b73-9576-455c-b282-502c105d09e9
[2026-01-09T16:50:44.460Z] GET /api/overview/stats
[2026-01-09T16:50:44.461Z] GET /api/dashboard/accounts
[2026-01-09T16:50:45.429Z] GET /api/dashboard/accounts
[2026-01-09T16:50:45.654Z] GET /api/overview/stats
[2026-01-09T16:50:46.093Z] GET /api/dashboard/accounts
[2026-01-09T16:50:46.734Z] GET /api/dashboard/accounts
[2026-01-09T16:50:46.858Z] GET /api/dashboard/trades/analysis
[2026-01-09T16:50:46.864Z] GET /api/dashboard/trades
[2026-01-09T16:50:46.865Z] GET /api/dashboard/calendar
[2026-01-09T16:50:47.201Z] POST /api/objectives/calculate
[2026-01-09T16:50:47.228Z] GET /api/dashboard/risk
[2026-01-09T16:50:47.248Z] POST /api/objectives/calculate
[2026-01-09T16:50:47.285Z] GET /api/dashboard/consistency
[2026-01-09T16:50:47.531Z] GET /api/dashboard/trades
[2026-01-09T16:50:47.561Z] GET /api/dashboard/trades/analysis
[2026-01-09T16:50:47.630Z] GET /api/dashboard/calendar
[2026-01-09T16:50:47.809Z] POST /api/objectives/calculate
[2026-01-09T16:50:47.817Z] GET /api/dashboard/risk
[2026-01-09T16:50:47.836Z] POST /api/objectives/calculate
[2026-01-09T16:50:47.845Z] GET /api/dashboard/consistency
[2026-01-09T16:51:16.885Z] GET /api/payouts/balance
[2026-01-09T16:51:18.576Z] GET /api/payouts/balance
[2026-01-09T16:51:18.593Z] GET /api/payouts/history
[2026-01-09T16:51:20.350Z] GET /api/payouts/history
[2026-01-09T16:51:32.777Z] GET /api/payouts/balance
[2026-01-09T16:51:34.544Z] GET /api/payouts/balance
[2026-01-09T16:51:34.553Z] GET /api/payouts/history
[2026-01-09T16:51:36.227Z] GET /api/payouts/history
[2026-01-09T16:52:03.378Z] GET /api/payouts/balance
[2026-01-09T16:52:05.185Z] GET /api/payouts/balance
[2026-01-09T16:52:05.202Z] GET /api/payouts/history
[2026-01-09T16:52:06.954Z] GET /api/payouts/history
[2026-01-09T16:52:19.026Z] GET /api/dashboard/accounts
[2026-01-09T16:52:19.698Z] GET /api/dashboard/accounts
[2026-01-09T16:52:19.775Z] GET /api/dashboard/trades
[2026-01-09T16:52:19.775Z] GET /api/dashboard/calendar
[2026-01-09T16:52:19.776Z] GET /api/dashboard/trades/analysis
[2026-01-09T16:52:20.111Z] POST /api/objectives/calculate
[2026-01-09T16:52:20.171Z] POST /api/objectives/calculate
[2026-01-09T16:52:20.314Z] GET /api/dashboard/risk
[2026-01-09T16:52:20.314Z] GET /api/dashboard/consistency
[2026-01-09T16:52:20.408Z] GET /api/dashboard/calendar
[2026-01-09T16:52:20.437Z] GET /api/dashboard/trades
[2026-01-09T16:52:20.484Z] GET /api/dashboard/trades/analysis
[2026-01-09T16:52:20.770Z] GET /api/dashboard/risk
[2026-01-09T16:52:20.777Z] POST /api/objectives/calculate
[2026-01-09T16:52:20.784Z] POST /api/objectives/calculate
[2026-01-09T16:52:20.787Z] GET /api/dashboard/consistency
[2026-01-09T16:56:03.932Z] GET /api/dashboard/trades/analysis
[2026-01-09T16:56:03.934Z] GET /api/dashboard/calendar
[2026-01-09T16:56:03.935Z] GET /api/dashboard/trades
[2026-01-09T16:56:04.453Z] POST /api/objectives/calculate
[2026-01-09T16:56:04.454Z] POST /api/objectives/calculate
[2026-01-09T16:56:04.456Z] GET /api/dashboard/risk
[2026-01-09T16:56:04.457Z] GET /api/dashboard/consistency
[2026-01-09T16:56:38.097Z] GET /api/overview/stats
[2026-01-09T16:56:38.105Z] GET /api/dashboard/accounts
[2026-01-09T16:56:38.847Z] GET /api/dashboard/accounts
[2026-01-09T16:56:39.173Z] GET /api/overview/stats
[2026-01-09T16:58:22.142Z] GET /api/dashboard/accounts
[2026-01-09T16:58:23.380Z] GET /api/dashboard/accounts
[2026-01-09T16:58:23.458Z] GET /api/dashboard/trades/analysis
[2026-01-09T16:58:23.459Z] GET /api/dashboard/calendar
[2026-01-09T16:58:23.461Z] GET /api/dashboard/trades
[2026-01-09T16:58:23.829Z] POST /api/objectives/calculate
[2026-01-09T16:58:23.964Z] GET /api/dashboard/risk
[2026-01-09T16:58:23.980Z] GET /api/dashboard/consistency
[2026-01-09T16:58:24.004Z] POST /api/objectives/calculate
[2026-01-09T16:58:24.148Z] GET /api/dashboard/calendar
[2026-01-09T16:58:24.148Z] GET /api/dashboard/trades
[2026-01-09T16:58:24.155Z] GET /api/dashboard/trades/analysis
[2026-01-09T16:58:24.598Z] GET /api/dashboard/consistency
[2026-01-09T16:58:24.619Z] POST /api/objectives/calculate
[2026-01-09T16:58:24.620Z] GET /api/dashboard/risk
[2026-01-09T16:58:24.638Z] POST /api/objectives/calculate
[2026-01-09T16:58:28.823Z] GET /api/dashboard/accounts
[2026-01-09T16:58:28.825Z] GET /api/overview/stats
[2026-01-09T16:58:29.537Z] GET /api/dashboard/accounts
[2026-01-09T16:58:30.119Z] GET /api/overview/stats
[2026-01-09T16:59:00.146Z] GET /api/dashboard/accounts
[2026-01-09T16:59:00.805Z] GET /api/dashboard/accounts
[2026-01-09T16:59:00.888Z] GET /api/dashboard/calendar
[2026-01-09T16:59:00.890Z] GET /api/dashboard/trades/analysis
[2026-01-09T16:59:00.893Z] GET /api/dashboard/trades
[2026-01-09T16:59:01.270Z] POST /api/objectives/calculate
[2026-01-09T16:59:01.376Z] GET /api/dashboard/risk
[2026-01-09T16:59:01.385Z] POST /api/objectives/calculate
[2026-01-09T16:59:01.438Z] GET /api/dashboard/consistency
[2026-01-09T16:59:01.552Z] GET /api/dashboard/calendar
[2026-01-09T16:59:01.620Z] GET /api/dashboard/trades
[2026-01-09T16:59:01.624Z] GET /api/dashboard/trades/analysis
[2026-01-09T16:59:02.084Z] POST /api/objectives/calculate
[2026-01-09T16:59:02.118Z] GET /api/dashboard/risk
[2026-01-09T16:59:02.124Z] POST /api/objectives/calculate
[2026-01-09T16:59:02.134Z] GET /api/dashboard/consistency
[2026-01-09T16:59:13.006Z] GET /api/dashboard/accounts
[2026-01-09T16:59:13.007Z] GET /api/overview/stats
[2026-01-09T16:59:13.761Z] GET /api/dashboard/accounts
[2026-01-09T16:59:14.366Z] GET /api/overview/stats
[2026-01-09T16:59:41.985Z] GET /api/kyc/status
[2026-01-09T16:59:43.165Z] GET /api/kyc/status
[2026-01-09T16:59:44.346Z] GET /api/dashboard/accounts
[2026-01-09T16:59:44.347Z] GET /api/overview/stats
[2026-01-09T16:59:44.992Z] GET /api/dashboard/accounts
[2026-01-09T16:59:45.587Z] GET /api/overview/stats
[2026-01-09T17:00:26.830Z] GET /api/dashboard/accounts
[2026-01-09T17:00:27.557Z] GET /api/dashboard/accounts
[2026-01-09T17:00:27.640Z] GET /api/dashboard/trades/analysis
[2026-01-09T17:00:27.643Z] GET /api/dashboard/calendar
[2026-01-09T17:00:27.644Z] GET /api/dashboard/trades
[2026-01-09T17:00:28.376Z] GET /api/dashboard/trades/analysis
[2026-01-09T17:00:28.385Z] GET /api/dashboard/calendar
[2026-01-09T17:00:28.410Z] POST /api/objectives/calculate
[2026-01-09T17:00:28.711Z] POST /api/objectives/calculate
[2026-01-09T17:00:28.866Z] GET /api/dashboard/consistency
[2026-01-09T17:00:28.877Z] GET /api/dashboard/risk
[2026-01-09T17:00:28.878Z] POST /api/objectives/calculate
[2026-01-09T17:00:28.901Z] POST /api/objectives/calculate
[2026-01-09T17:00:28.995Z] GET /api/dashboard/trades
[2026-01-09T17:00:29.446Z] GET /api/dashboard/consistency
[2026-01-09T17:00:29.458Z] GET /api/dashboard/risk
[2026-01-09T17:00:37.222Z] GET /api/overview/stats
[2026-01-09T17:00:37.226Z] GET /api/dashboard/accounts
[2026-01-09T17:00:38.180Z] GET /api/dashboard/accounts
[2026-01-09T17:00:38.223Z] GET /api/overview/stats
[2026-01-09T17:00:41.163Z] GET /api/dashboard/accounts
[2026-01-09T17:00:41.945Z] GET /api/dashboard/accounts
[2026-01-09T17:00:42.020Z] GET /api/dashboard/trades/analysis
[2026-01-09T17:00:42.021Z] GET /api/dashboard/calendar
[2026-01-09T17:00:42.021Z] GET /api/dashboard/trades
[2026-01-09T17:00:42.374Z] POST /api/objectives/calculate
[2026-01-09T17:00:42.408Z] GET /api/dashboard/consistency
[2026-01-09T17:00:42.449Z] POST /api/objectives/calculate
[2026-01-09T17:00:42.450Z] GET /api/dashboard/risk
[2026-01-09T17:00:42.681Z] GET /api/dashboard/calendar
[2026-01-09T17:00:42.716Z] GET /api/dashboard/trades
[2026-01-09T17:00:42.905Z] GET /api/dashboard/trades/analysis
[2026-01-09T17:00:42.999Z] POST /api/objectives/calculate
[2026-01-09T17:00:43.023Z] GET /api/dashboard/risk
[2026-01-09T17:00:43.035Z] GET /api/dashboard/consistency
[2026-01-09T17:00:43.054Z] POST /api/objectives/calculate
[2026-01-09T17:02:15.146Z] GET /api/dashboard/trades/analysis
[2026-01-09T17:02:15.147Z] GET /api/dashboard/calendar
[2026-01-09T17:02:15.147Z] GET /api/dashboard/trades
[2026-01-09T17:02:15.776Z] GET /api/dashboard/consistency
[2026-01-09T17:02:15.776Z] POST /api/objectives/calculate
[2026-01-09T17:02:15.777Z] GET /api/dashboard/risk
[2026-01-09T17:02:15.778Z] POST /api/objectives/calculate
[2026-01-09T17:02:23.843Z] GET /api/overview/stats
[2026-01-09T17:02:23.846Z] GET /api/dashboard/accounts
[2026-01-09T17:02:24.661Z] GET /api/dashboard/accounts
[2026-01-09T17:02:25.176Z] GET /api/overview/stats
[2026-01-09T17:02:44.406Z] GET /api/dashboard/accounts
[2026-01-09T17:02:45.122Z] GET /api/dashboard/accounts
[2026-01-09T17:02:45.199Z] GET /api/dashboard/trades/analysis
[2026-01-09T17:02:45.199Z] GET /api/dashboard/calendar
[2026-01-09T17:02:45.201Z] GET /api/dashboard/trades
[2026-01-09T17:02:45.536Z] POST /api/objectives/calculate
[2026-01-09T17:02:45.612Z] POST /api/objectives/calculate
[2026-01-09T17:02:45.613Z] GET /api/dashboard/risk
[2026-01-09T17:02:45.674Z] GET /api/dashboard/consistency
[2026-01-09T17:02:45.862Z] GET /api/dashboard/trades/analysis
[2026-01-09T17:02:45.910Z] GET /api/dashboard/calendar
[2026-01-09T17:02:45.930Z] GET /api/dashboard/trades
[2026-01-09T17:02:46.167Z] GET /api/dashboard/risk
[2026-01-09T17:02:46.174Z] POST /api/objectives/calculate
[2026-01-09T17:02:46.215Z] GET /api/dashboard/consistency
[2026-01-09T17:02:46.265Z] POST /api/objectives/calculate
[2026-01-09T17:02:54.894Z] GET /api/dashboard/accounts
[2026-01-09T17:02:54.895Z] GET /api/overview/stats
[2026-01-09T17:02:55.613Z] GET /api/dashboard/accounts
[2026-01-09T17:02:56.134Z] GET /api/overview/stats
[2026-01-09T17:07:29.612Z] GET /api/payouts/balance
[2026-01-09T17:07:31.290Z] GET /api/payouts/balance
[2026-01-09T17:07:31.298Z] GET /api/payouts/history
[2026-01-09T17:07:32.951Z] GET /api/payouts/history
[2026-01-09T17:08:47.785Z] GET /api/affiliate/stats
[2026-01-09T17:08:50.124Z] GET /api/affiliate/stats
[2026-01-09T17:09:09.153Z] GET /api/payouts/balance
[2026-01-09T17:09:10.849Z] GET /api/payouts/balance
[2026-01-09T17:09:10.864Z] GET /api/payouts/history
[2026-01-09T17:09:12.580Z] GET /api/payouts/history
[2026-01-09T17:09:48.021Z] GET /api/dashboard/accounts
[2026-01-09T17:09:48.022Z] GET /api/overview/stats
[2026-01-09T17:09:48.716Z] GET /api/dashboard/accounts
[2026-01-09T17:09:49.054Z] GET /api/overview/stats
[2026-01-09T17:09:55.847Z] GET /api/payouts/balance
[2026-01-09T17:09:57.557Z] GET /api/payouts/balance
[2026-01-09T17:09:57.576Z] GET /api/payouts/history
[2026-01-09T17:09:59.222Z] GET /api/payouts/history
[2026-01-09T17:11:16.266Z] POST /api/coupons/validate
[2026-01-09T17:11:28.961Z] GET /api/admin/coupons
[2026-01-09T17:11:29.319Z] GET /api/admin/coupons
[2026-01-09T17:11:36.619Z] POST /api/coupons/validate
[2026-01-09T17:11:44.014Z] POST /api/coupons/validate
[2026-01-09T17:11:59.971Z] GET /api/payouts/balance
[2026-01-09T17:12:01.633Z] GET /api/payouts/balance
[2026-01-09T17:12:01.644Z] GET /api/payouts/history
[2026-01-09T17:12:03.303Z] GET /api/payouts/history
[2026-01-09T17:12:09.075Z] GET /api/affiliate/stats
[2026-01-09T17:12:10.826Z] GET /api/affiliate/stats
[2026-01-09T17:15:19.293Z] GET /api/dashboard/accounts
[2026-01-09T17:15:19.985Z] GET /api/dashboard/accounts
[2026-01-09T17:15:20.075Z] GET /api/dashboard/trades/analysis
[2026-01-09T17:15:20.079Z] GET /api/dashboard/calendar
[2026-01-09T17:15:20.092Z] GET /api/dashboard/trades
[2026-01-09T17:15:20.417Z] POST /api/objectives/calculate
[2026-01-09T17:15:20.494Z] GET /api/dashboard/consistency
[2026-01-09T17:15:20.494Z] GET /api/dashboard/risk
[2026-01-09T17:15:20.536Z] POST /api/objectives/calculate
[2026-01-09T17:15:20.763Z] GET /api/dashboard/trades/analysis
[2026-01-09T17:15:20.766Z] GET /api/dashboard/calendar
[2026-01-09T17:15:20.803Z] GET /api/dashboard/trades
[2026-01-09T17:15:21.066Z] POST /api/objectives/calculate
[2026-01-09T17:15:21.070Z] POST /api/objectives/calculate
[2026-01-09T17:15:21.087Z] GET /api/dashboard/risk
[2026-01-09T17:15:21.099Z] GET /api/dashboard/consistency
[2026-01-09T17:15:42.207Z] GET /api/dashboard/accounts
[2026-01-09T17:15:42.859Z] GET /api/dashboard/accounts
[2026-01-09T17:15:42.901Z] GET /api/dashboard/trades/analysis
[2026-01-09T17:15:42.902Z] GET /api/dashboard/calendar
[2026-01-09T17:15:42.903Z] GET /api/dashboard/trades
[2026-01-09T17:15:43.277Z] POST /api/objectives/calculate
[2026-01-09T17:15:43.313Z] POST /api/objectives/calculate
[2026-01-09T17:15:43.326Z] GET /api/dashboard/consistency
[2026-01-09T17:15:43.353Z] GET /api/dashboard/risk
[2026-01-09T17:15:43.583Z] GET /api/dashboard/trades/analysis
[2026-01-09T17:15:43.585Z] GET /api/dashboard/calendar
[2026-01-09T17:15:43.630Z] GET /api/dashboard/trades
[2026-01-09T17:15:43.862Z] POST /api/objectives/calculate
[2026-01-09T17:15:43.869Z] GET /api/dashboard/consistency
[2026-01-09T17:15:43.903Z] GET /api/dashboard/risk
[2026-01-09T17:15:43.975Z] POST /api/objectives/calculate
[2026-01-09T17:15:57.732Z] POST /api/coupons/validate
[2026-01-09T17:16:06.465Z] POST /api/coupons/validate
[2026-01-09T17:17:13.767Z] GET /api/dashboard/accounts
[2026-01-09T17:17:14.420Z] GET /api/dashboard/accounts
[2026-01-09T17:17:14.475Z] GET /api/dashboard/trades/analysis
[2026-01-09T17:17:14.485Z] GET /api/dashboard/calendar
[2026-01-09T17:17:14.490Z] GET /api/dashboard/trades
[2026-01-09T17:17:14.870Z] GET /api/dashboard/risk
[2026-01-09T17:17:14.871Z] POST /api/objectives/calculate
[2026-01-09T17:17:14.896Z] POST /api/objectives/calculate
[2026-01-09T17:17:14.906Z] GET /api/dashboard/consistency
[2026-01-09T17:17:15.181Z] GET /api/dashboard/trades/analysis
[2026-01-09T17:17:15.196Z] GET /api/dashboard/trades
[2026-01-09T17:17:15.197Z] GET /api/dashboard/calendar
[2026-01-09T17:17:15.485Z] POST /api/objectives/calculate
[2026-01-09T17:17:15.505Z] POST /api/objectives/calculate
[2026-01-09T17:17:15.514Z] GET /api/dashboard/risk
[2026-01-09T17:17:15.526Z] GET /api/dashboard/consistency
[2026-01-09T17:17:38.236Z] GET /api/affiliate/stats
[2026-01-09T17:17:39.973Z] GET /api/affiliate/stats
[2026-01-09T17:18:01.108Z] GET /api/ranking
[2026-01-09T17:18:02.148Z] GET /api/ranking
[2026-01-09T17:18:12.874Z] GET /api/ranking
[2026-01-09T17:18:22.140Z] GET /api/competitions
[2026-01-09T17:18:22.813Z] GET /api/competitions
[2026-01-09T17:18:25.897Z] GET /api/competitions
[2026-01-09T17:18:26.558Z] GET /api/competitions
[2026-01-09T17:18:28.663Z] GET /api/competitions
[2026-01-09T17:18:29.311Z] GET /api/competitions
[2026-01-09T17:18:29.315Z] GET /api/competitions/d41b1042-21f5-4fb0-ab0e-434ee288f1bd/leaderboard
[2026-01-09T17:18:30.587Z] GET /api/competitions/d41b1042-21f5-4fb0-ab0e-434ee288f1bd/leaderboard
[2026-01-09T17:18:33.125Z] GET /api/competitions/trades/151e7f88-f614-40b9-be93-cd417a68ba2d
[2026-01-09T17:18:37.285Z] GET /api/affiliate/stats
[2026-01-09T17:18:38.951Z] GET /api/affiliate/stats
[2026-01-09T17:19:00.060Z] GET /api/kyc/status
[2026-01-09T17:19:16.745Z] GET /api/kyc/status
[2026-01-09T17:19:41.796Z] GET /api/dashboard/accounts
[2026-01-09T17:19:42.480Z] GET /api/dashboard/accounts
[2026-01-09T17:19:42.512Z] GET /api/dashboard/trades
[2026-01-09T17:19:42.512Z] GET /api/dashboard/calendar
[2026-01-09T17:19:42.514Z] GET /api/dashboard/trades/analysis
[2026-01-09T17:19:42.938Z] POST /api/objectives/calculate
[2026-01-09T17:19:42.940Z] GET /api/dashboard/consistency
[2026-01-09T17:19:42.993Z] GET /api/dashboard/risk
[2026-01-09T17:19:43.013Z] POST /api/objectives/calculate
[2026-01-09T17:19:43.194Z] GET /api/dashboard/calendar
[2026-01-09T17:19:43.196Z] GET /api/dashboard/trades
[2026-01-09T17:19:43.223Z] GET /api/dashboard/trades/analysis
[2026-01-09T17:19:43.624Z] GET /api/dashboard/consistency
[2026-01-09T17:19:43.625Z] POST /api/objectives/calculate
[2026-01-09T17:19:43.637Z] GET /api/dashboard/risk
[2026-01-09T17:19:43.657Z] POST /api/objectives/calculate
[2026-01-09T17:19:53.373Z] GET /api/dashboard/accounts
[2026-01-09T17:19:54.083Z] GET /api/dashboard/accounts
[2026-01-09T17:19:54.125Z] GET /api/dashboard/trades/analysis
[2026-01-09T17:19:54.126Z] GET /api/dashboard/calendar
[2026-01-09T17:19:54.128Z] GET /api/dashboard/trades
[2026-01-09T17:19:54.751Z] POST /api/objectives/calculate
[2026-01-09T17:19:54.796Z] GET /api/dashboard/calendar
[2026-01-09T17:19:54.798Z] GET /api/dashboard/consistency
[2026-01-09T17:19:54.812Z] GET /api/dashboard/trades
[2026-01-09T17:19:54.814Z] GET /api/dashboard/risk
[2026-01-09T17:19:54.825Z] POST /api/objectives/calculate
[2026-01-09T17:19:54.844Z] GET /api/dashboard/trades/analysis
[2026-01-09T17:19:55.351Z] POST /api/objectives/calculate
[2026-01-09T17:19:55.352Z] POST /api/objectives/calculate
[2026-01-09T17:19:55.353Z] GET /api/dashboard/consistency
[2026-01-09T17:19:55.353Z] GET /api/dashboard/risk
[2026-01-09T17:19:59.991Z] GET /api/kyc/status
[2026-01-09T17:20:01.164Z] GET /api/kyc/status
[2026-01-09T17:21:11.053Z] POST /api/kyc/create-session
[2026-01-09T17:21:12.748Z] GET /api/kyc/status
[2026-01-09T17:21:13.949Z] GET /api/kyc/status
[2026-01-09T17:24:20.717Z] GET /api/kyc/status
[2026-01-09T17:24:26.204Z] GET /api/dashboard/accounts
[2026-01-09T17:24:26.898Z] GET /api/dashboard/accounts
[2026-01-09T17:24:26.980Z] GET /api/dashboard/trades/analysis
[2026-01-09T17:24:26.980Z] GET /api/dashboard/calendar
[2026-01-09T17:24:26.981Z] GET /api/dashboard/trades
[2026-01-09T17:24:27.335Z] GET /api/dashboard/risk
[2026-01-09T17:24:27.381Z] POST /api/objectives/calculate
[2026-01-09T17:24:27.394Z] POST /api/objectives/calculate
[2026-01-09T17:24:27.396Z] GET /api/dashboard/consistency
[2026-01-09T17:24:27.636Z] GET /api/dashboard/trades/analysis
[2026-01-09T17:24:27.666Z] GET /api/dashboard/calendar
[2026-01-09T17:24:27.688Z] GET /api/dashboard/trades
[2026-01-09T17:24:27.989Z] GET /api/dashboard/risk
[2026-01-09T17:24:27.999Z] POST /api/objectives/calculate
[2026-01-09T17:24:28.000Z] GET /api/dashboard/consistency
[2026-01-09T17:24:28.012Z] POST /api/objectives/calculate
[2026-01-09T17:24:44.080Z] GET /api/dashboard/calendar
[2026-01-09T17:24:44.082Z] GET /api/dashboard/trades/analysis
[2026-01-09T17:24:44.084Z] GET /api/dashboard/trades
[2026-01-09T17:24:44.555Z] POST /api/objectives/calculate
[2026-01-09T17:24:44.613Z] POST /api/objectives/calculate
[2026-01-09T17:24:44.615Z] GET /api/dashboard/risk
[2026-01-09T17:24:44.616Z] GET /api/dashboard/consistency
[2026-01-09T17:28:25.127Z] GET /api/kyc/status
[2026-01-09T17:28:26.244Z] GET /api/kyc/status
[2026-01-09T17:28:27.747Z] POST /api/kyc/create-session
[2026-01-09T17:28:29.274Z] GET /api/kyc/status
[2026-01-09T17:28:30.327Z] GET /api/kyc/status
[2026-01-09T17:28:59.211Z] GET /api/kyc/status
[2026-01-09T17:29:22.695Z] POST /api/kyc/create-session
[2026-01-09T17:29:41.842Z] GET /api/kyc/status
[2026-01-09T17:29:44.694Z] POST /api/kyc/create-session
[2026-01-09T17:29:47.234Z] GET /api/kyc/status
[2026-01-09T17:31:36.326Z] GET /api/overview/stats
[2026-01-09T17:31:36.345Z] GET /api/dashboard/accounts
[2026-01-09T17:31:37.109Z] GET /api/dashboard/accounts
[2026-01-09T17:31:37.613Z] GET /api/overview/stats
[2026-01-09T17:32:24.507Z] GET /api/dashboard/accounts
[2026-01-09T17:32:25.208Z] GET /api/dashboard/accounts
[2026-01-09T17:32:25.281Z] GET /api/dashboard/trades/analysis
[2026-01-09T17:32:25.287Z] GET /api/dashboard/calendar
[2026-01-09T17:32:25.303Z] GET /api/dashboard/trades
[2026-01-09T17:32:25.651Z] POST /api/objectives/calculate
[2026-01-09T17:32:25.713Z] GET /api/dashboard/risk
[2026-01-09T17:32:25.729Z] POST /api/objectives/calculate
[2026-01-09T17:32:25.814Z] GET /api/dashboard/consistency
[2026-01-09T17:32:25.959Z] GET /api/dashboard/trades/analysis
[2026-01-09T17:32:26.042Z] GET /api/dashboard/calendar
[2026-01-09T17:32:26.119Z] GET /api/dashboard/trades
[2026-01-09T17:32:26.256Z] POST /api/objectives/calculate
[2026-01-09T17:32:26.278Z] POST /api/objectives/calculate
[2026-01-09T17:32:26.283Z] GET /api/dashboard/risk
[2026-01-09T17:32:26.301Z] GET /api/dashboard/consistency
[2026-01-09T17:32:33.246Z] GET /api/dashboard/accounts
[2026-01-09T17:32:33.910Z] GET /api/dashboard/accounts
[2026-01-09T17:32:33.995Z] GET /api/dashboard/trades/analysis
[2026-01-09T17:32:33.996Z] GET /api/dashboard/calendar
[2026-01-09T17:32:33.998Z] GET /api/dashboard/trades
[2026-01-09T17:32:34.447Z] GET /api/dashboard/risk
[2026-01-09T17:32:34.454Z] POST /api/objectives/calculate
[2026-01-09T17:32:34.506Z] POST /api/objectives/calculate
[2026-01-09T17:32:34.508Z] GET /api/dashboard/consistency
[2026-01-09T17:32:34.649Z] GET /api/dashboard/trades/analysis
[2026-01-09T17:32:34.683Z] GET /api/dashboard/calendar
[2026-01-09T17:32:34.725Z] GET /api/dashboard/trades
[2026-01-09T17:32:35.074Z] POST /api/objectives/calculate
[2026-01-09T17:32:35.092Z] GET /api/dashboard/risk
[2026-01-09T17:32:35.112Z] POST /api/objectives/calculate
[2026-01-09T17:32:35.120Z] GET /api/dashboard/consistency
[2026-01-09T17:32:38.243Z] GET /api/dashboard/accounts
[2026-01-09T17:32:38.255Z] GET /api/overview/stats
[2026-01-09T17:32:38.902Z] GET /api/dashboard/accounts
[2026-01-09T17:32:39.254Z] GET /api/overview/stats
[2026-01-09T17:34:17.864Z] GET /api/overview/stats
[2026-01-09T17:34:17.866Z] GET /api/dashboard/accounts
[2026-01-09T17:34:45.780Z] GET /api/dashboard/accounts
[2026-01-09T17:34:46.437Z] GET /api/dashboard/accounts
[2026-01-09T17:34:46.512Z] GET /api/dashboard/trades/analysis
[2026-01-09T17:34:46.521Z] GET /api/dashboard/calendar
[2026-01-09T17:34:46.524Z] GET /api/dashboard/trades
[2026-01-09T17:34:46.862Z] GET /api/dashboard/risk
[2026-01-09T17:34:46.889Z] POST /api/objectives/calculate
[2026-01-09T17:34:46.913Z] GET /api/dashboard/consistency
[2026-01-09T17:34:46.943Z] POST /api/objectives/calculate
[2026-01-09T17:34:47.670Z] GET /api/dashboard/trades/analysis
[2026-01-09T17:34:47.671Z] GET /api/dashboard/calendar
[2026-01-09T17:34:47.672Z] GET /api/dashboard/trades
[2026-01-09T17:34:48.032Z] POST /api/objectives/calculate
[2026-01-09T17:34:48.033Z] GET /api/dashboard/risk
[2026-01-09T17:34:48.048Z] POST /api/objectives/calculate
[2026-01-09T17:34:48.056Z] GET /api/dashboard/consistency
[2026-01-09T17:36:56.255Z] GET /api/ranking
[2026-01-09T17:36:57.245Z] GET /api/ranking
[2026-01-09T19:07:32.115Z] GET /api/dashboard/accounts
[2026-01-09T19:07:41.457Z] GET /api/dashboard/accounts
[2026-01-09T19:07:41.569Z] GET /api/dashboard/trades/analysis
[2026-01-09T19:07:41.571Z] GET /api/dashboard/calendar
[2026-01-09T19:07:41.572Z] GET /api/dashboard/trades
[2026-01-09T19:07:42.660Z] POST /api/objectives/calculate
[2026-01-09T19:07:42.691Z] POST /api/objectives/calculate
[2026-01-09T19:07:42.716Z] GET /api/dashboard/risk
[2026-01-09T19:07:42.717Z] GET /api/dashboard/consistency
[2026-01-09T19:07:42.931Z] GET /api/dashboard/trades
[2026-01-09T19:07:42.961Z] GET /api/dashboard/trades/analysis
[2026-01-09T19:07:43.375Z] GET /api/dashboard/consistency
[2026-01-09T19:07:43.380Z] GET /api/dashboard/risk
[2026-01-09T19:07:43.390Z] POST /api/objectives/calculate
[2026-01-09T19:07:43.391Z] POST /api/objectives/calculate
[2026-01-09T19:08:02.934Z] GET /api/dashboard/calendar
[2026-01-09T19:08:22.077Z] GET /api/dashboard/trades
[2026-01-09T19:08:27.394Z] GET /api/dashboard/trades/analysis
[2026-01-09T19:08:27.394Z] GET /api/dashboard/calendar
[2026-01-09T19:08:27.395Z] GET /api/dashboard/trades
[2026-01-09T19:08:28.332Z] GET /api/dashboard/consistency
[2026-01-09T19:08:28.371Z] POST /api/objectives/calculate
[2026-01-09T19:08:28.372Z] POST /api/objectives/calculate
[2026-01-09T19:08:28.410Z] GET /api/dashboard/risk
[2026-01-09T19:08:37.458Z] GET /api/dashboard/trades/analysis
[2026-01-09T19:08:37.458Z] GET /api/dashboard/calendar
[2026-01-09T19:08:37.459Z] GET /api/dashboard/trades
[2026-01-09T19:08:38.053Z] POST /api/objectives/calculate
[2026-01-09T19:08:38.085Z] POST /api/objectives/calculate
[2026-01-09T19:08:38.086Z] GET /api/dashboard/consistency
[2026-01-09T19:08:38.087Z] GET /api/dashboard/risk
[2026-01-09T19:08:45.569Z] GET /api/dashboard/calendar
[2026-01-09T19:08:45.569Z] GET /api/dashboard/trades
[2026-01-09T19:08:45.570Z] GET /api/dashboard/trades/analysis
[2026-01-09T19:08:46.242Z] GET /api/dashboard/risk
[2026-01-09T19:08:46.243Z] POST /api/objectives/calculate
[2026-01-09T19:08:46.277Z] POST /api/objectives/calculate
[2026-01-09T19:08:46.298Z] GET /api/dashboard/consistency
[2026-01-09T19:09:25.767Z] GET /api/overview/stats
[2026-01-09T19:09:25.768Z] GET /api/dashboard/accounts
[2026-01-09T19:09:26.771Z] GET /api/dashboard/accounts
[2026-01-09T19:09:27.135Z] GET /api/overview/stats
[2026-01-09T19:16:39.782Z] GET /api/dashboard/accounts
[2026-01-09T19:16:40.530Z] GET /api/dashboard/accounts
[2026-01-09T19:16:40.630Z] GET /api/dashboard/trades/analysis
[2026-01-09T19:16:40.635Z] GET /api/dashboard/calendar
[2026-01-09T19:16:40.639Z] GET /api/dashboard/trades
[2026-01-09T19:16:41.079Z] GET /api/dashboard/risk
[2026-01-09T19:16:41.245Z] POST /api/objectives/calculate
[2026-01-09T19:16:41.269Z] POST /api/objectives/calculate
[2026-01-09T19:16:41.298Z] GET /api/dashboard/consistency
[2026-01-09T19:16:41.399Z] GET /api/dashboard/trades/analysis
[2026-01-09T19:16:41.510Z] GET /api/dashboard/calendar
[2026-01-09T19:16:41.566Z] GET /api/dashboard/trades
[2026-01-09T19:16:41.744Z] POST /api/objectives/calculate
[2026-01-09T19:16:41.746Z] GET /api/dashboard/risk
[2026-01-09T19:16:41.826Z] POST /api/objectives/calculate
[2026-01-09T19:16:41.964Z] GET /api/dashboard/consistency
[2026-01-09T19:16:57.970Z] GET /api/competitions
[2026-01-09T19:16:58.755Z] GET /api/competitions
[2026-01-09T19:18:05.511Z] GET /api/competitions
[2026-01-09T19:18:06.205Z] GET /api/competitions
[2026-01-09T19:18:06.208Z] GET /api/competitions/d41b1042-21f5-4fb0-ab0e-434ee288f1bd/leaderboard
[2026-01-09T19:18:07.665Z] GET /api/competitions/d41b1042-21f5-4fb0-ab0e-434ee288f1bd/leaderboard
[2026-01-09T19:18:13.169Z] GET /api/competitions/trades/151e7f88-f614-40b9-be93-cd417a68ba2d
[2026-01-09T19:18:16.432Z] GET /api/competitions/trades/09878b73-9576-455c-b282-502c105d09e9
[2026-01-09T19:18:49.459Z] GET /api/dashboard/accounts
[2026-01-09T19:18:50.305Z] GET /api/dashboard/accounts
[2026-01-09T19:18:50.391Z] GET /api/dashboard/trades/analysis
[2026-01-09T19:18:50.391Z] GET /api/dashboard/calendar
[2026-01-09T19:18:50.392Z] GET /api/dashboard/trades
[2026-01-09T19:18:50.803Z] POST /api/objectives/calculate
[2026-01-09T19:18:50.967Z] GET /api/dashboard/risk
[2026-01-09T19:18:51.010Z] GET /api/dashboard/consistency
[2026-01-09T19:18:51.016Z] POST /api/objectives/calculate
[2026-01-09T19:18:51.114Z] GET /api/dashboard/calendar
[2026-01-09T19:18:51.135Z] GET /api/dashboard/trades/analysis
[2026-01-09T19:18:51.236Z] GET /api/dashboard/trades
[2026-01-09T19:18:51.478Z] POST /api/objectives/calculate
[2026-01-09T19:18:51.525Z] GET /api/dashboard/risk
[2026-01-09T19:18:51.549Z] POST /api/objectives/calculate
[2026-01-09T19:18:51.558Z] GET /api/dashboard/consistency
[2026-01-09T19:18:57.953Z] GET /api/dashboard/trades/analysis
[2026-01-09T19:18:57.954Z] GET /api/dashboard/calendar
[2026-01-09T19:18:57.955Z] GET /api/dashboard/trades
[2026-01-09T19:18:58.442Z] POST /api/objectives/calculate
[2026-01-09T19:18:58.444Z] GET /api/dashboard/risk
[2026-01-09T19:18:58.501Z] GET /api/dashboard/consistency
[2026-01-09T19:18:58.507Z] POST /api/objectives/calculate
[2026-01-09T19:19:02.403Z] GET /api/dashboard/trades
[2026-01-09T19:19:08.155Z] GET /api/dashboard/trades
[2026-01-09T19:19:20.685Z] GET /api/dashboard/accounts
[2026-01-09T19:19:20.686Z] GET /api/overview/stats
[2026-01-09T19:19:22.626Z] GET /api/dashboard/accounts
[2026-01-09T19:19:23.636Z] GET /api/overview/stats
[2026-01-09T19:20:12.438Z] GET /api/competitions
[2026-01-09T19:20:13.119Z] GET /api/competitions
[2026-01-09T19:20:20.826Z] GET /api/competitions
[2026-01-09T19:20:21.522Z] GET /api/competitions
[2026-01-09T19:20:21.525Z] GET /api/competitions/d41b1042-21f5-4fb0-ab0e-434ee288f1bd/leaderboard
[2026-01-09T19:20:23.023Z] GET /api/competitions/d41b1042-21f5-4fb0-ab0e-434ee288f1bd/leaderboard
[2026-01-09T19:20:36.603Z] GET /api/competitions/trades/151e7f88-f614-40b9-be93-cd417a68ba2d
[2026-01-09T19:20:47.285Z] GET /api/overview/stats
[2026-01-09T19:20:47.286Z] GET /api/dashboard/accounts
[2026-01-09T19:20:48.106Z] GET /api/dashboard/accounts
[2026-01-09T19:20:48.625Z] GET /api/overview/stats
[2026-01-09T19:22:12.825Z] GET /api/ranking
[2026-01-09T19:22:13.855Z] GET /api/ranking
[2026-01-09T19:22:52.380Z] GET /api/ranking
[2026-01-09T19:22:53.212Z] GET /api/ranking
[2026-01-09T19:22:53.776Z] GET /api/ranking
[2026-01-09T19:23:01.949Z] GET /api/ranking
[2026-01-09T19:23:16.801Z] GET /api/competitions
[2026-01-09T19:23:17.468Z] GET /api/competitions
[2026-01-09T19:23:21.836Z] GET /api/competitions
[2026-01-09T19:23:22.511Z] GET /api/competitions
[2026-01-09T19:23:22.514Z] GET /api/competitions/d41b1042-21f5-4fb0-ab0e-434ee288f1bd/leaderboard
[2026-01-09T19:23:23.832Z] GET /api/competitions/d41b1042-21f5-4fb0-ab0e-434ee288f1bd/leaderboard
[2026-01-09T19:23:31.560Z] GET /api/competitions/trades/151e7f88-f614-40b9-be93-cd417a68ba2d
[2026-01-09T19:23:36.638Z] GET /api/dashboard/accounts
[2026-01-09T19:23:37.592Z] GET /api/dashboard/accounts
[2026-01-09T19:23:37.692Z] GET /api/dashboard/trades/analysis
[2026-01-09T19:23:37.694Z] GET /api/dashboard/calendar
[2026-01-09T19:23:37.696Z] GET /api/dashboard/trades
[2026-01-09T19:23:38.085Z] GET /api/dashboard/risk
[2026-01-09T19:23:38.230Z] GET /api/dashboard/consistency
[2026-01-09T19:23:38.232Z] POST /api/objectives/calculate
[2026-01-09T19:23:38.295Z] POST /api/objectives/calculate
[2026-01-09T19:23:38.575Z] GET /api/dashboard/trades/analysis
[2026-01-09T19:23:38.630Z] GET /api/dashboard/trades
[2026-01-09T19:23:38.672Z] GET /api/dashboard/calendar
[2026-01-09T19:23:38.851Z] POST /api/objectives/calculate
[2026-01-09T19:23:38.853Z] GET /api/dashboard/consistency
[2026-01-09T19:23:38.902Z] POST /api/objectives/calculate
[2026-01-09T19:23:38.924Z] GET /api/dashboard/risk
[2026-01-09T19:24:23.458Z] GET /api/dashboard/accounts
[2026-01-09T19:24:24.187Z] GET /api/dashboard/accounts
[2026-01-09T19:24:24.292Z] GET /api/dashboard/trades/analysis
[2026-01-09T19:24:24.295Z] GET /api/dashboard/calendar
[2026-01-09T19:24:24.300Z] GET /api/dashboard/trades
[2026-01-09T19:24:24.351Z] POST /api/objectives/calculate
[2026-01-09T19:24:24.812Z] GET /api/dashboard/risk
[2026-01-09T19:24:24.851Z] GET /api/dashboard/consistency
[2026-01-09T19:24:24.889Z] POST /api/objectives/calculate
[2026-01-09T19:24:25.116Z] GET /api/dashboard/trades/analysis
[2026-01-09T19:24:25.145Z] GET /api/dashboard/trades
[2026-01-09T19:24:25.281Z] GET /api/dashboard/calendar
[2026-01-09T19:24:25.312Z] POST /api/objectives/calculate
[2026-01-09T19:24:25.389Z] POST /api/objectives/calculate
[2026-01-09T19:24:25.509Z] GET /api/dashboard/risk
[2026-01-09T19:24:25.548Z] GET /api/dashboard/consistency
[2026-01-09T19:24:28.412Z] GET /api/competitions
[2026-01-09T19:24:29.133Z] GET /api/competitions
[2026-01-09T19:24:32.084Z] GET /api/competitions
[2026-01-09T19:24:32.814Z] GET /api/competitions
[2026-01-09T19:24:32.816Z] GET /api/competitions/d41b1042-21f5-4fb0-ab0e-434ee288f1bd/leaderboard
[2026-01-09T19:24:33.683Z] GET /api/competitions/d41b1042-21f5-4fb0-ab0e-434ee288f1bd/leaderboard
[2026-01-09T19:26:07.219Z] GET /api/dashboard/accounts
[2026-01-09T19:26:07.974Z] GET /api/dashboard/accounts
[2026-01-09T19:26:08.067Z] GET /api/dashboard/trades/analysis
[2026-01-09T19:26:08.069Z] GET /api/dashboard/calendar
[2026-01-09T19:26:08.074Z] GET /api/dashboard/trades
[2026-01-09T19:26:08.447Z] POST /api/objectives/calculate
[2026-01-09T19:26:08.598Z] GET /api/dashboard/risk
[2026-01-09T19:26:08.646Z] POST /api/objectives/calculate
[2026-01-09T19:26:08.667Z] GET /api/dashboard/consistency
[2026-01-09T19:26:08.866Z] GET /api/dashboard/trades/analysis
[2026-01-09T19:26:08.868Z] GET /api/dashboard/trades
[2026-01-09T19:26:08.904Z] GET /api/dashboard/calendar
[2026-01-09T19:26:09.271Z] POST /api/objectives/calculate
[2026-01-09T19:26:09.313Z] GET /api/dashboard/risk
[2026-01-09T19:26:09.317Z] GET /api/dashboard/consistency
[2026-01-09T19:26:09.358Z] POST /api/objectives/calculate
[2026-01-09T19:28:32.725Z] GET /api/competitions
[2026-01-09T19:28:33.427Z] GET /api/competitions
[2026-01-09T19:28:38.034Z] GET /api/competitions
[2026-01-09T19:28:38.714Z] GET /api/competitions
[2026-01-09T19:28:38.718Z] GET /api/competitions/d41b1042-21f5-4fb0-ab0e-434ee288f1bd/leaderboard
[2026-01-09T19:28:40.184Z] GET /api/competitions/d41b1042-21f5-4fb0-ab0e-434ee288f1bd/leaderboard
[2026-01-09T19:28:43.721Z] GET /api/competitions/trades/4206dbba-ecb4-47b2-b7cc-79ce214fa966
[2026-01-09T19:29:33.247Z] GET /api/ranking
[2026-01-09T19:29:35.249Z] GET /api/ranking
[2026-01-09T19:29:40.280Z] GET /api/dashboard/accounts
[2026-01-09T19:29:41.530Z] GET /api/dashboard/accounts
[2026-01-09T19:29:41.617Z] GET /api/dashboard/trades/analysis
[2026-01-09T19:29:41.619Z] GET /api/dashboard/calendar
[2026-01-09T19:29:41.624Z] GET /api/dashboard/trades
[2026-01-09T19:29:42.000Z] GET /api/dashboard/consistency
[2026-01-09T19:29:42.166Z] GET /api/dashboard/risk
[2026-01-09T19:29:42.169Z] POST /api/objectives/calculate
[2026-01-09T19:29:42.171Z] POST /api/objectives/calculate
[2026-01-09T19:29:42.745Z] GET /api/dashboard/trades/analysis
[2026-01-09T19:29:42.746Z] GET /api/dashboard/calendar
[2026-01-09T19:29:42.746Z] GET /api/dashboard/trades
[2026-01-09T19:29:43.162Z] POST /api/objectives/calculate
[2026-01-09T19:29:43.165Z] GET /api/dashboard/risk
[2026-01-09T19:29:43.246Z] POST /api/objectives/calculate
[2026-01-09T19:29:43.271Z] GET /api/dashboard/consistency
[2026-01-09T19:30:06.392Z] GET /api/kyc/status
[2026-01-09T19:30:07.600Z] GET /api/kyc/status
[2026-01-09T19:30:09.649Z] POST /api/kyc/create-session
[2026-01-09T19:30:12.086Z] GET /api/kyc/status
[2026-01-09T19:30:13.269Z] GET /api/kyc/status
[2026-01-09T19:37:30.966Z] GET /api/dashboard/accounts
[2026-01-09T19:37:31.970Z] GET /api/dashboard/accounts
[2026-01-09T19:37:32.074Z] GET /api/dashboard/trades/analysis
[2026-01-09T19:37:32.075Z] GET /api/dashboard/trades
[2026-01-09T19:37:32.078Z] GET /api/dashboard/calendar
[2026-01-09T19:37:32.445Z] POST /api/objectives/calculate
[2026-01-09T19:37:32.627Z] GET /api/dashboard/consistency
[2026-01-09T19:37:32.673Z] GET /api/dashboard/risk
[2026-01-09T19:37:32.673Z] POST /api/objectives/calculate
[2026-01-09T19:37:32.753Z] GET /api/dashboard/trades/analysis
[2026-01-09T19:37:32.962Z] GET /api/dashboard/trades
[2026-01-09T19:37:33.000Z] GET /api/dashboard/calendar
[2026-01-09T19:37:33.166Z] POST /api/objectives/calculate
[2026-01-09T19:37:33.234Z] POST /api/objectives/calculate
[2026-01-09T19:37:33.245Z] GET /api/dashboard/risk
[2026-01-09T19:37:33.250Z] GET /api/dashboard/consistency
[2026-01-09T19:38:06.688Z] GET /api/dashboard/trades/analysis
[2026-01-09T19:38:06.689Z] GET /api/dashboard/trades
[2026-01-09T19:38:06.690Z] GET /api/dashboard/calendar
[2026-01-09T19:38:06.874Z] POST /api/objectives/calculate
[2026-01-09T19:38:07.198Z] GET /api/dashboard/consistency
[2026-01-09T19:38:07.238Z] POST /api/objectives/calculate
[2026-01-09T19:38:07.354Z] GET /api/dashboard/risk
[2026-01-09T19:39:58.704Z] GET /api/mt5/accounts
[2026-01-09T19:39:59.871Z] GET /api/mt5/accounts
[2026-01-09T19:40:17.338Z] GET /api/competitions/admin
[2026-01-09T19:40:17.708Z] GET /api/competitions/admin
[2026-01-09T19:40:22.988Z] GET /api/admins
[2026-01-09T19:40:23.465Z] GET /api/admins
[2026-01-09T19:40:26.473Z] GET /api/admin/risk/groups
[2026-01-09T19:40:27.191Z] GET /api/admin/risk/groups
[2026-01-09T19:40:56.562Z] GET /api/admin/risk/server-config
[2026-01-09T19:40:57.265Z] GET /api/admin/risk/server-config
[2026-01-09T19:40:58.054Z] GET /api/admin/risk/logs
[2026-01-09T19:40:58.790Z] GET /api/admin/risk/logs
[2026-01-09T19:44:12.627Z] GET /api/admin/risk/groups
[2026-01-09T19:44:13.386Z] GET /api/admin/risk/groups
[2026-01-09T19:54:25.770Z] GET /api/ranking
[2026-01-09T19:54:26.896Z] GET /api/ranking
[2026-01-09T19:54:39.108Z] GET /api/payouts/balance
[2026-01-09T19:54:40.889Z] GET /api/payouts/balance
[2026-01-09T19:54:40.895Z] GET /api/payouts/history
[2026-01-09T19:54:42.755Z] GET /api/payouts/history
[2026-01-09T19:55:03.631Z] GET /api/affiliate/stats
[2026-01-09T19:55:05.895Z] GET /api/affiliate/stats
[2026-01-09T20:01:50.189Z] GET /api/competitions
[2026-01-09T20:01:50.972Z] GET /api/competitions
[2026-01-09T20:05:35.338Z] GET /api/competitions/admin
[2026-01-09T20:05:35.721Z] GET /api/competitions/admin
[2026-01-09T20:06:48.772Z] GET /api/payouts/admin
[2026-01-09T20:06:49.143Z] GET /api/payouts/admin
[2026-01-09T20:07:03.260Z] GET /api/payouts/admin
[2026-01-09T20:07:03.600Z] GET /api/payouts/admin
[2026-01-09T20:07:04.797Z] GET /api/admin/affiliates/withdrawals
[2026-01-09T20:07:05.219Z] GET /api/admin/affiliates/withdrawals
[2026-01-09T20:07:05.712Z] GET /api/competitions/admin
[2026-01-09T20:07:06.044Z] GET /api/competitions/admin
[2026-01-09T20:07:07.007Z] GET /api/admin/coupons
[2026-01-09T20:07:07.355Z] GET /api/admin/coupons
[2026-01-09T20:07:08.380Z] GET /api/admins
[2026-01-09T20:07:08.737Z] GET /api/admins
[2026-01-09T20:07:20.756Z] GET /api/mt5/accounts
[2026-01-09T20:07:21.485Z] GET /api/mt5/accounts
[2026-01-09T20:07:30.360Z] GET /api/admin/risk/groups
[2026-01-09T20:07:31.066Z] GET /api/admin/risk/groups
[2026-01-09T20:07:43.792Z] GET /api/affiliate/stats
[2026-01-09T20:07:45.672Z] GET /api/affiliate/stats
[2026-01-09T20:07:47.470Z] GET /api/user/profile
[2026-01-09T20:07:48.131Z] GET /api/user/profile
[2026-01-09T20:07:48.135Z] GET /api/user/wallet
[2026-01-09T20:07:48.844Z] GET /api/user/wallet
[2026-01-09T20:08:02.842Z] GET /api/ranking
[2026-01-09T20:08:03.938Z] GET /api/ranking
[2026-01-09T20:16:51.450Z] GET /api/dashboard/accounts
[2026-01-09T20:16:52.176Z] GET /api/dashboard/accounts
[2026-01-09T20:16:52.269Z] GET /api/dashboard/trades/analysis
[2026-01-09T20:16:52.270Z] GET /api/dashboard/calendar
[2026-01-09T20:16:52.273Z] GET /api/dashboard/trades
[2026-01-09T20:16:52.779Z] POST /api/objectives/calculate
[2026-01-09T20:16:52.965Z] POST /api/objectives/calculate
[2026-01-09T20:16:52.968Z] GET /api/dashboard/consistency
[2026-01-09T20:16:52.968Z] GET /api/dashboard/risk
[2026-01-09T20:16:52.973Z] GET /api/dashboard/trades/analysis
[2026-01-09T20:16:53.064Z] GET /api/dashboard/trades
[2026-01-09T20:16:53.076Z] GET /api/dashboard/calendar
[2026-01-09T20:16:53.280Z] POST /api/objectives/calculate
[2026-01-09T20:16:53.319Z] POST /api/objectives/calculate
[2026-01-09T20:16:53.458Z] GET /api/dashboard/consistency
[2026-01-09T20:16:54.046Z] GET /api/dashboard/risk
[2026-01-09T20:17:07.331Z] GET /api/competitions
[2026-01-09T20:17:08.075Z] GET /api/competitions
[2026-01-09T20:17:19.970Z] GET /api/competitions
[2026-01-09T20:17:20.636Z] GET /api/competitions
[2026-01-09T20:17:20.639Z] GET /api/competitions/d41b1042-21f5-4fb0-ab0e-434ee288f1bd/leaderboard
[2026-01-09T20:17:22.026Z] GET /api/competitions/d41b1042-21f5-4fb0-ab0e-434ee288f1bd/leaderboard
[2026-01-09T20:17:29.535Z] GET /api/dashboard/accounts
[2026-01-09T20:17:30.461Z] GET /api/dashboard/accounts
[2026-01-09T20:17:30.559Z] GET /api/dashboard/trades/analysis
[2026-01-09T20:17:30.560Z] GET /api/dashboard/calendar
[2026-01-09T20:17:30.561Z] GET /api/dashboard/trades
[2026-01-09T20:17:30.913Z] POST /api/objectives/calculate
[2026-01-09T20:17:31.038Z] GET /api/dashboard/consistency
[2026-01-09T20:17:31.117Z] POST /api/objectives/calculate
[2026-01-09T20:17:31.127Z] GET /api/dashboard/risk
[2026-01-09T20:17:31.248Z] GET /api/dashboard/trades/analysis
[2026-01-09T20:17:31.345Z] GET /api/dashboard/trades
[2026-01-09T20:17:31.401Z] GET /api/dashboard/calendar
[2026-01-09T20:17:31.601Z] GET /api/dashboard/consistency
[2026-01-09T20:17:31.602Z] POST /api/objectives/calculate
[2026-01-09T20:17:31.609Z] GET /api/dashboard/risk
[2026-01-09T20:17:31.838Z] POST /api/objectives/calculate
[2026-01-10T04:34:25.989Z] GET /api/dashboard/accounts
[2026-01-10T04:34:26.862Z] GET /api/dashboard/accounts
[2026-01-10T04:34:26.936Z] GET /api/dashboard/trades/analysis
[2026-01-10T04:34:26.937Z] GET /api/dashboard/calendar
[2026-01-10T04:34:26.939Z] GET /api/dashboard/trades
[2026-01-10T04:34:27.750Z] GET /api/dashboard/trades/analysis
[2026-01-10T04:34:27.803Z] GET /api/dashboard/trades
[2026-01-10T04:34:28.112Z] POST /api/objectives/calculate
[2026-01-10T04:34:28.387Z] POST /api/objectives/calculate
[2026-01-10T04:34:28.388Z] GET /api/dashboard/risk
[2026-01-10T04:34:28.911Z] GET /api/dashboard/consistency
[2026-01-10T04:34:28.921Z] POST /api/objectives/calculate
[2026-01-10T04:34:29.004Z] POST /api/objectives/calculate
[2026-01-10T04:34:29.079Z] GET /api/dashboard/calendar
[2026-01-10T04:34:29.295Z] GET /api/dashboard/risk
[2026-01-10T04:34:29.651Z] GET /api/dashboard/consistency
[2026-01-10T04:36:36.999Z] GET /api/overview/stats
[2026-01-10T04:36:37.000Z] GET /api/dashboard/accounts
[2026-01-10T04:36:37.843Z] GET /api/dashboard/accounts
[2026-01-10T04:36:38.223Z] GET /api/overview/stats
[2026-01-10T04:36:51.510Z] GET /api/dashboard/accounts
[2026-01-10T04:36:52.338Z] GET /api/dashboard/accounts
[2026-01-10T04:36:52.559Z] GET /api/dashboard/calendar
[2026-01-10T04:36:52.562Z] GET /api/dashboard/trades/analysis
[2026-01-10T04:36:52.566Z] GET /api/dashboard/trades
[2026-01-10T04:36:53.424Z] GET /api/dashboard/calendar
[2026-01-10T04:36:53.580Z] GET /api/dashboard/trades
[2026-01-10T04:36:54.068Z] GET /api/dashboard/consistency
[2026-01-10T04:36:54.069Z] POST /api/objectives/calculate
[2026-01-10T04:36:54.280Z] GET /api/dashboard/trades/analysis
[2026-01-10T04:36:54.452Z] POST /api/objectives/calculate
[2026-01-10T04:36:54.531Z] POST /api/objectives/calculate
[2026-01-10T04:36:54.532Z] GET /api/dashboard/risk
[2026-01-10T04:36:54.689Z] POST /api/objectives/calculate
[2026-01-10T04:36:54.857Z] GET /api/dashboard/consistency
[2026-01-10T04:36:55.495Z] GET /api/dashboard/risk
[2026-01-10T04:38:00.113Z] GET /api/dashboard/trades/analysis
[2026-01-10T04:38:00.115Z] GET /api/dashboard/calendar
[2026-01-10T04:38:00.116Z] GET /api/dashboard/trades
[2026-01-10T04:38:01.316Z] POST /api/objectives/calculate
[2026-01-10T04:38:01.524Z] POST /api/objectives/calculate
[2026-01-10T04:38:01.537Z] GET /api/dashboard/risk
[2026-01-10T04:38:01.578Z] GET /api/dashboard/consistency
[2026-01-10T04:39:31.776Z] POST /api/mt5/sync-trades
[2026-01-10T04:42:35.723Z] GET /api/dashboard/calendar
[2026-01-10T04:42:38.805Z] GET /api/dashboard/calendar
[2026-01-10T04:44:43.105Z] GET /api/competitions
[2026-01-10T04:44:44.049Z] GET /api/competitions
[2026-01-10T04:47:16.329Z] GET /api/competitions
[2026-01-10T04:47:17.167Z] GET /api/competitions
[2026-01-10T04:47:17.172Z] GET /api/competitions/d41b1042-21f5-4fb0-ab0e-434ee288f1bd/leaderboard
[2026-01-10T04:47:18.773Z] GET /api/competitions/d41b1042-21f5-4fb0-ab0e-434ee288f1bd/leaderboard
[2026-01-10T04:50:43.972Z] GET /api/competitions/trades/4206dbba-ecb4-47b2-b7cc-79ce214fa966
[2026-01-10T04:55:15.343Z] GET /api/competitions/trades/4206dbba-ecb4-47b2-b7cc-79ce214fa966
[2026-01-10T04:56:58.548Z] GET /api/competitions/trades/4206dbba-ecb4-47b2-b7cc-79ce214fa966
[2026-01-10T04:57:06.539Z] GET /api/kyc/status
[2026-01-10T04:57:08.425Z] GET /api/kyc/status
[2026-01-10T04:59:34.108Z] GET /api/payouts/balance
[2026-01-10T04:59:36.117Z] GET /api/payouts/balance
[2026-01-10T04:59:36.132Z] GET /api/payouts/history
[2026-01-10T04:59:38.250Z] GET /api/payouts/history
[2026-01-10T04:59:44.359Z] GET /api/ranking
[2026-01-10T04:59:45.525Z] GET /api/ranking
[2026-01-10T05:00:05.228Z] GET /api/affiliate/stats
[2026-01-10T05:00:07.551Z] GET /api/affiliate/stats
[2026-01-10T05:00:24.965Z] GET /api/user/profile
[2026-01-10T05:00:25.831Z] GET /api/user/profile
[2026-01-10T05:00:25.835Z] GET /api/user/wallet
[2026-01-10T05:00:26.820Z] GET /api/user/wallet
[2026-01-10T05:01:18.896Z] PUT /api/user/profile
[2026-01-10T05:01:31.797Z] GET /api/dashboard/accounts
[2026-01-10T05:01:32.646Z] GET /api/dashboard/accounts
[2026-01-10T05:01:32.764Z] GET /api/dashboard/trades/analysis
[2026-01-10T05:01:32.765Z] GET /api/dashboard/calendar
[2026-01-10T05:01:32.780Z] GET /api/dashboard/trades
[2026-01-10T05:01:33.215Z] POST /api/objectives/calculate
[2026-01-10T05:01:33.217Z] GET /api/dashboard/risk
[2026-01-10T05:01:33.471Z] POST /api/objectives/calculate
[2026-01-10T05:01:34.050Z] GET /api/dashboard/risk
[2026-01-10T05:01:34.052Z] POST /api/objectives/calculate
[2026-01-10T05:01:34.079Z] POST /api/objectives/calculate
[2026-01-10T05:01:34.166Z] GET /api/dashboard/trades/analysis
[2026-01-10T05:01:34.179Z] GET /api/dashboard/consistency
[2026-01-10T05:01:34.310Z] GET /api/dashboard/trades
[2026-01-10T05:01:34.970Z] GET /api/dashboard/calendar
[2026-01-10T05:01:35.085Z] GET /api/user/profile
[2026-01-10T05:01:35.258Z] GET /api/dashboard/consistency
[2026-01-10T05:01:35.876Z] GET /api/user/profile
[2026-01-10T05:01:35.878Z] GET /api/user/wallet
[2026-01-10T05:01:36.677Z] GET /api/user/wallet
[2026-01-10T05:03:03.455Z] GET /api/dashboard/accounts
[2026-01-10T05:03:04.296Z] GET /api/dashboard/accounts
[2026-01-10T05:03:04.372Z] GET /api/dashboard/trades/analysis
[2026-01-10T05:03:04.373Z] GET /api/dashboard/calendar
[2026-01-10T05:03:04.375Z] GET /api/dashboard/trades
[2026-01-10T05:03:04.870Z] POST /api/objectives/calculate
[2026-01-10T05:03:05.081Z] GET /api/dashboard/risk
[2026-01-10T05:03:05.100Z] POST /api/objectives/calculate
[2026-01-10T05:03:05.122Z] GET /api/dashboard/consistency
[2026-01-10T05:03:05.180Z] GET /api/dashboard/trades/analysis
[2026-01-10T05:03:05.228Z] GET /api/dashboard/trades
[2026-01-10T05:03:05.234Z] GET /api/dashboard/calendar
[2026-01-10T05:03:05.700Z] POST /api/objectives/calculate
[2026-01-10T05:03:05.752Z] POST /api/objectives/calculate
[2026-01-10T05:03:05.802Z] GET /api/dashboard/risk
[2026-01-10T05:03:05.814Z] GET /api/dashboard/consistency
[2026-01-10T05:03:14.110Z] GET /api/overview/stats
[2026-01-10T05:03:14.112Z] GET /api/dashboard/accounts
[2026-01-10T05:03:14.990Z] GET /api/dashboard/accounts
[2026-01-10T05:03:15.427Z] GET /api/overview/stats
[2026-01-10T05:03:41.703Z] GET /api/dashboard/accounts
[2026-01-10T05:03:42.556Z] GET /api/dashboard/accounts
[2026-01-10T05:03:42.634Z] GET /api/dashboard/trades
[2026-01-10T05:03:42.635Z] GET /api/dashboard/trades/analysis
[2026-01-10T05:03:42.635Z] GET /api/dashboard/calendar
[2026-01-10T05:03:43.151Z] POST /api/objectives/calculate
[2026-01-10T05:03:43.316Z] GET /api/dashboard/risk
[2026-01-10T05:03:43.380Z] GET /api/dashboard/consistency
[2026-01-10T05:03:43.381Z] POST /api/objectives/calculate
[2026-01-10T05:03:43.396Z] GET /api/dashboard/trades/analysis
[2026-01-10T05:03:43.422Z] GET /api/dashboard/trades
[2026-01-10T05:03:43.495Z] GET /api/dashboard/calendar
[2026-01-10T05:03:43.888Z] POST /api/objectives/calculate
[2026-01-10T05:03:43.985Z] POST /api/objectives/calculate
[2026-01-10T05:03:44.010Z] GET /api/dashboard/risk
[2026-01-10T05:03:44.061Z] GET /api/dashboard/consistency
[2026-01-10T05:40:41.775Z] GET /api/dashboard/accounts
[2026-01-10T05:40:43.369Z] GET /api/dashboard/accounts
[2026-01-10T05:40:43.436Z] GET /api/dashboard/trades/analysis
[2026-01-10T05:40:43.439Z] GET /api/dashboard/calendar
[2026-01-10T05:40:43.440Z] GET /api/dashboard/trades
[2026-01-10T05:40:44.269Z] POST /api/objectives/calculate
[2026-01-10T05:40:44.609Z] POST /api/objectives/calculate
[2026-01-10T05:40:44.746Z] GET /api/dashboard/consistency
[2026-01-10T05:40:44.835Z] GET /api/dashboard/trades/analysis
[2026-01-10T05:40:44.837Z] GET /api/dashboard/risk
[2026-01-10T05:40:44.929Z] GET /api/dashboard/calendar
[2026-01-10T05:40:44.948Z] GET /api/dashboard/trades
[2026-01-10T05:40:44.957Z] POST /api/objectives/calculate
[2026-01-10T05:40:45.036Z] POST /api/objectives/calculate
[2026-01-10T05:40:45.588Z] GET /api/dashboard/consistency
[2026-01-10T05:40:45.676Z] GET /api/dashboard/risk
[2026-01-10T05:40:57.493Z] GET /api/dashboard/trades/analysis
[2026-01-10T05:40:57.494Z] GET /api/dashboard/trades
[2026-01-10T05:40:57.494Z] GET /api/dashboard/calendar
[2026-01-10T05:40:58.358Z] POST /api/objectives/calculate
[2026-01-10T05:40:58.524Z] POST /api/objectives/calculate
[2026-01-10T05:40:58.533Z] GET /api/dashboard/consistency
[2026-01-10T05:40:58.534Z] GET /api/dashboard/risk
[2026-01-10T05:41:20.297Z] GET /api/dashboard/trades
[2026-01-10T05:41:31.876Z] GET /api/dashboard/trades/analysis
[2026-01-10T05:41:31.880Z] GET /api/dashboard/calendar
[2026-01-10T05:41:31.883Z] GET /api/dashboard/trades
[2026-01-10T05:41:32.974Z] POST /api/objectives/calculate
[2026-01-10T05:41:32.976Z] GET /api/dashboard/consistency
[2026-01-10T05:41:32.984Z] POST /api/objectives/calculate
[2026-01-10T05:41:32.986Z] GET /api/dashboard/risk
[2026-01-10T05:41:41.235Z] GET /api/overview/stats
[2026-01-10T05:41:41.236Z] GET /api/dashboard/accounts
[2026-01-10T05:41:42.104Z] GET /api/dashboard/accounts
[2026-01-10T05:41:42.474Z] GET /api/overview/stats
[2026-01-10T05:42:03.497Z] GET /api/dashboard/accounts
[2026-01-10T05:42:04.332Z] GET /api/dashboard/accounts
[2026-01-10T05:42:04.407Z] GET /api/dashboard/trades/analysis
[2026-01-10T05:42:04.408Z] GET /api/dashboard/calendar
[2026-01-10T05:42:04.409Z] GET /api/dashboard/trades
[2026-01-10T05:42:04.945Z] POST /api/objectives/calculate
[2026-01-10T05:42:05.133Z] GET /api/dashboard/risk
[2026-01-10T05:42:05.146Z] POST /api/objectives/calculate
[2026-01-10T05:42:05.198Z] GET /api/dashboard/trades/analysis
[2026-01-10T05:42:05.324Z] GET /api/dashboard/trades
[2026-01-10T05:42:05.368Z] GET /api/dashboard/consistency
[2026-01-10T05:42:05.458Z] GET /api/dashboard/calendar
[2026-01-10T05:42:05.918Z] POST /api/objectives/calculate
[2026-01-10T05:42:05.922Z] POST /api/objectives/calculate
[2026-01-10T05:42:06.090Z] GET /api/dashboard/risk
[2026-01-10T05:42:06.255Z] GET /api/dashboard/consistency
[2026-01-10T05:42:11.213Z] GET /api/dashboard/trades/analysis
[2026-01-10T05:42:11.213Z] GET /api/dashboard/calendar
[2026-01-10T05:42:11.214Z] GET /api/dashboard/trades
[2026-01-10T05:42:11.822Z] GET /api/dashboard/risk
[2026-01-10T05:42:12.088Z] POST /api/objectives/calculate
[2026-01-10T05:42:12.089Z] GET /api/dashboard/consistency
[2026-01-10T05:42:12.094Z] POST /api/objectives/calculate
[2026-01-10T05:42:24.245Z] GET /api/dashboard/trades/analysis
[2026-01-10T05:42:24.247Z] GET /api/dashboard/calendar
[2026-01-10T05:42:24.248Z] GET /api/dashboard/trades
[2026-01-10T05:42:25.080Z] POST /api/objectives/calculate
[2026-01-10T05:42:25.223Z] POST /api/objectives/calculate
[2026-01-10T05:42:25.224Z] GET /api/dashboard/risk
[2026-01-10T05:42:25.242Z] GET /api/dashboard/consistency
[2026-01-10T05:43:18.186Z] GET /api/overview/stats
[2026-01-10T05:43:18.191Z] GET /api/dashboard/accounts
[2026-01-10T05:43:18.983Z] GET /api/dashboard/accounts
[2026-01-10T05:43:19.387Z] GET /api/overview/stats
[2026-01-10T05:45:03.472Z] GET /api/dashboard/accounts
[2026-01-10T05:45:04.355Z] GET /api/dashboard/accounts
[2026-01-10T05:45:04.417Z] GET /api/dashboard/calendar
[2026-01-10T05:45:04.418Z] GET /api/dashboard/trades
[2026-01-10T05:45:04.419Z] GET /api/dashboard/trades/analysis
[2026-01-10T05:45:04.937Z] POST /api/objectives/calculate
[2026-01-10T05:45:05.139Z] GET /api/dashboard/risk
[2026-01-10T05:45:05.175Z] POST /api/objectives/calculate
[2026-01-10T05:45:05.232Z] GET /api/dashboard/calendar
[2026-01-10T05:45:05.247Z] GET /api/dashboard/trades
[2026-01-10T05:45:05.256Z] GET /api/dashboard/trades/analysis
[2026-01-10T05:45:05.319Z] GET /api/dashboard/consistency
[2026-01-10T05:45:05.747Z] POST /api/objectives/calculate
[2026-01-10T05:45:05.832Z] GET /api/dashboard/risk
[2026-01-10T05:45:05.834Z] POST /api/objectives/calculate
[2026-01-10T05:45:05.999Z] GET /api/dashboard/consistency
[2026-01-10T05:45:29.237Z] GET /api/dashboard/accounts
[2026-01-10T05:45:29.241Z] GET /api/overview/stats
[2026-01-10T05:45:30.007Z] GET /api/dashboard/accounts
[2026-01-10T05:45:30.405Z] GET /api/overview/stats
[2026-01-10T05:46:03.537Z] GET /api/competitions
[2026-01-10T05:46:04.460Z] GET /api/competitions
[2026-01-10T05:46:07.878Z] GET /api/competitions
[2026-01-10T05:46:08.726Z] GET /api/competitions
[2026-01-10T05:46:08.730Z] GET /api/competitions/d41b1042-21f5-4fb0-ab0e-434ee288f1bd/leaderboard
[2026-01-10T05:46:10.348Z] GET /api/competitions/d41b1042-21f5-4fb0-ab0e-434ee288f1bd/leaderboard
[2026-01-10T05:46:14.846Z] GET /api/competitions/trades/4206dbba-ecb4-47b2-b7cc-79ce214fa966
[2026-01-10T05:46:20.274Z] GET /api/overview/stats
[2026-01-10T05:46:20.275Z] GET /api/dashboard/accounts
[2026-01-10T05:46:21.085Z] GET /api/dashboard/accounts
[2026-01-10T05:46:21.440Z] GET /api/overview/stats
[2026-01-10T05:46:22.739Z] GET /api/dashboard/accounts
[2026-01-10T05:46:23.526Z] GET /api/dashboard/accounts
[2026-01-10T05:46:23.582Z] GET /api/dashboard/trades/analysis
[2026-01-10T05:46:23.583Z] GET /api/dashboard/calendar
[2026-01-10T05:46:23.583Z] GET /api/dashboard/trades
[2026-01-10T05:46:24.094Z] POST /api/objectives/calculate
[2026-01-10T05:46:24.288Z] POST /api/objectives/calculate
[2026-01-10T05:46:24.296Z] GET /api/dashboard/risk
[2026-01-10T05:46:24.311Z] GET /api/dashboard/consistency
[2026-01-10T05:46:24.351Z] GET /api/dashboard/trades/analysis
[2026-01-10T05:46:24.360Z] GET /api/dashboard/calendar
[2026-01-10T05:46:24.451Z] GET /api/dashboard/trades
[2026-01-10T05:46:24.878Z] POST /api/objectives/calculate
[2026-01-10T05:46:24.984Z] POST /api/objectives/calculate
[2026-01-10T05:46:24.986Z] GET /api/dashboard/consistency
[2026-01-10T05:46:24.994Z] GET /api/dashboard/risk
[2026-01-10T05:49:07.887Z] GET /api/dashboard/trades/analysis
[2026-01-10T05:49:07.889Z] GET /api/dashboard/calendar
[2026-01-10T05:49:07.890Z] GET /api/dashboard/trades
[2026-01-10T05:49:08.779Z] POST /api/objectives/calculate
[2026-01-10T05:49:08.894Z] POST /api/objectives/calculate
[2026-01-10T05:49:08.900Z] GET /api/dashboard/consistency
[2026-01-10T05:49:08.902Z] GET /api/dashboard/risk
[2026-01-10T05:49:27.575Z] GET /api/user/profile
[2026-01-10T05:49:28.348Z] GET /api/user/profile
[2026-01-10T05:49:28.352Z] GET /api/user/wallet
[2026-01-10T05:49:29.254Z] GET /api/user/wallet
[2026-01-10T05:49:34.403Z] GET /api/dashboard/accounts
[2026-01-10T05:49:35.502Z] GET /api/dashboard/accounts
[2026-01-10T05:49:35.590Z] GET /api/dashboard/trades/analysis
[2026-01-10T05:49:35.591Z] GET /api/dashboard/calendar
[2026-01-10T05:49:35.593Z] GET /api/dashboard/trades
[2026-01-10T05:49:36.087Z] POST /api/objectives/calculate
[2026-01-10T05:49:36.326Z] GET /api/dashboard/consistency
[2026-01-10T05:49:36.331Z] GET /api/dashboard/risk
[2026-01-10T05:49:36.341Z] POST /api/objectives/calculate
[2026-01-10T05:49:36.426Z] GET /api/dashboard/trades
[2026-01-10T05:49:36.433Z] GET /api/dashboard/trades/analysis
[2026-01-10T05:49:36.436Z] GET /api/dashboard/calendar
[2026-01-10T05:49:36.902Z] POST /api/objectives/calculate
[2026-01-10T05:49:36.951Z] POST /api/objectives/calculate
[2026-01-10T05:49:37.019Z] GET /api/dashboard/consistency
[2026-01-10T05:49:37.020Z] GET /api/dashboard/risk
[2026-01-10T05:53:37.814Z] GET /api/dashboard/calendar
[2026-01-10T05:53:39.649Z] GET /api/dashboard/calendar
[2026-01-10T05:53:46.198Z] GET /api/dashboard/trades
[2026-01-10T05:53:46.202Z] GET /api/dashboard/calendar
[2026-01-10T05:53:46.204Z] GET /api/dashboard/trades/analysis
[2026-01-10T05:53:47.162Z] POST /api/objectives/calculate
[2026-01-10T05:53:47.283Z] POST /api/objectives/calculate
[2026-01-10T05:53:47.335Z] GET /api/dashboard/consistency
[2026-01-10T05:53:47.358Z] GET /api/dashboard/risk
[2026-01-10T05:55:44.304Z] GET /api/dashboard/accounts
[2026-01-10T05:55:45.297Z] GET /api/dashboard/trades/analysis
[2026-01-10T05:55:45.298Z] GET /api/dashboard/calendar
[2026-01-10T05:55:45.298Z] GET /api/dashboard/trades
[2026-01-10T05:55:45.931Z] POST /api/objectives/calculate
[2026-01-10T05:55:45.933Z] POST /api/objectives/calculate
[2026-01-10T05:55:45.948Z] GET /api/dashboard/risk
[2026-01-10T05:55:45.949Z] GET /api/dashboard/consistency
[2026-01-10T05:57:29.816Z] GET /api/dashboard/accounts
[2026-01-10T05:57:30.929Z] GET /api/dashboard/trades/analysis
[2026-01-10T05:57:30.930Z] GET /api/dashboard/trades
[2026-01-10T05:57:30.934Z] GET /api/dashboard/calendar
[2026-01-10T05:57:35.840Z] GET /api/dashboard/accounts
[2026-01-10T05:57:36.730Z] GET /api/dashboard/trades/analysis
[2026-01-10T05:57:36.732Z] GET /api/dashboard/calendar
[2026-01-10T05:57:36.732Z] GET /api/dashboard/trades
[2026-01-10T05:57:37.806Z] POST /api/objectives/calculate
[2026-01-10T05:57:37.808Z] POST /api/objectives/calculate
[2026-01-10T05:57:37.831Z] GET /api/dashboard/consistency
[2026-01-10T05:57:37.941Z] GET /api/dashboard/risk
[2026-01-10T06:03:10.209Z] GET /api/dashboard/trades/analysis
[2026-01-10T06:03:10.210Z] GET /api/dashboard/calendar
[2026-01-10T06:03:10.210Z] GET /api/dashboard/trades
[2026-01-10T06:03:11.707Z] GET /api/dashboard/consistency
[2026-01-10T06:03:11.892Z] POST /api/objectives/calculate
[2026-01-10T06:03:11.949Z] POST /api/objectives/calculate
[2026-01-10T06:03:11.950Z] GET /api/dashboard/risk
[2026-01-10T06:06:24.198Z] GET /api/dashboard/accounts
[2026-01-10T06:06:25.178Z] GET /api/dashboard/trades/analysis
[2026-01-10T06:06:25.180Z] GET /api/dashboard/calendar
[2026-01-10T06:06:25.181Z] GET /api/dashboard/trades
[2026-01-10T06:06:25.784Z] POST /api/objectives/calculate
[2026-01-10T06:06:25.797Z] GET /api/dashboard/consistency
[2026-01-10T06:06:26.047Z] POST /api/objectives/calculate
[2026-01-10T06:06:26.700Z] GET /api/dashboard/risk
[2026-01-10T06:29:35.460Z] GET /api/dashboard/accounts
[2026-01-10T06:29:36.262Z] GET /api/dashboard/accounts
[2026-01-10T06:29:36.364Z] GET /api/dashboard/trades/analysis
[2026-01-10T06:29:36.365Z] GET /api/dashboard/calendar
[2026-01-10T06:29:36.368Z] GET /api/dashboard/trades
[2026-01-10T06:29:37.177Z] POST /api/objectives/calculate
[2026-01-10T06:29:37.208Z] GET /api/dashboard/trades/analysis
[2026-01-10T06:29:37.485Z] GET /api/dashboard/risk
[2026-01-10T06:29:37.665Z] POST /api/objectives/calculate
[2026-01-10T06:29:37.696Z] POST /api/objectives/calculate
[2026-01-10T06:29:37.744Z] GET /api/dashboard/consistency
[2026-01-10T06:29:37.850Z] GET /api/dashboard/trades
[2026-01-10T06:29:37.855Z] GET /api/dashboard/calendar
[2026-01-10T06:29:38.175Z] GET /api/dashboard/risk
[2026-01-10T06:29:38.380Z] POST /api/objectives/calculate
[2026-01-10T06:29:38.475Z] GET /api/dashboard/consistency
